Using pre-set license
Built from '6000.0/staging' branch; Version is '6000.0.24f1 (11fa355cd605) revision 1178165'; Using compiler version '193933523'; Build Type 'Release'
OS: 'Windows 11  (10.0.22631) 64bit Professional' Language: 'lv' Physical Memory: 16318 MB
BatchMode: 1, IsHumanControllingUs: 0, StartBugReporterOnCrash: 0, Is64bit: 1, IsPro: 1

COMMAND LINE ARGUMENTS:
C:\Program Files\Unity\Hub\Editor\6000.0.24f1\Editor\Unity.exe
-adb2
-batchMode
-noUpm
-name
AssetImportWorker3
-projectPath
C:/Users/user/Desktop/HokejaSpele
-logFile
Logs/AssetImportWorker3.log
-srvPort
59160
-job-worker-count
5
-background-job-worker-count
8
-asset-garbage-collectors
1
Successfully changed project path to: C:/Users/user/Desktop/HokejaSpele
C:/Users/user/Desktop/HokejaSpele
[UnityMemory] Configuration Parameters - Can be set up in boot.config
    "memorysetup-bucket-allocator-granularity=16"
    "memorysetup-bucket-allocator-bucket-count=8"
    "memorysetup-bucket-allocator-block-size=33554432"
    "memorysetup-bucket-allocator-block-count=8"
    "memorysetup-main-allocator-block-size=16777216"
    "memorysetup-thread-allocator-block-size=16777216"
    "memorysetup-gfx-main-allocator-block-size=16777216"
    "memorysetup-gfx-thread-allocator-block-size=16777216"
    "memorysetup-cache-allocator-block-size=4194304"
    "memorysetup-typetree-allocator-block-size=2097152"
    "memorysetup-profiler-bucket-allocator-granularity=16"
    "memorysetup-profiler-bucket-allocator-bucket-count=8"
    "memorysetup-profiler-bucket-allocator-block-size=33554432"
    "memorysetup-profiler-bucket-allocator-block-count=8"
    "memorysetup-profiler-allocator-block-size=16777216"
    "memorysetup-profiler-editor-allocator-block-size=1048576"
    "memorysetup-temp-allocator-size-main=16777216"
    "memorysetup-job-temp-allocator-block-size=2097152"
    "memorysetup-job-temp-allocator-block-size-background=1048576"
    "memorysetup-job-temp-allocator-reduction-small-platforms=262144"
    "memorysetup-allocator-temp-initial-block-size-main=262144"
    "memorysetup-allocator-temp-initial-block-size-worker=262144"
    "memorysetup-temp-allocator-size-background-worker=32768"
    "memorysetup-temp-allocator-size-job-worker=262144"
    "memorysetup-temp-allocator-size-preload-manager=33554432"
    "memorysetup-temp-allocator-size-nav-mesh-worker=65536"
    "memorysetup-temp-allocator-size-audio-worker=65536"
    "memorysetup-temp-allocator-size-cloud-worker=32768"
    "memorysetup-temp-allocator-size-gi-baking-worker=262144"
    "memorysetup-temp-allocator-size-gi-baking-worker=262144"
    "memorysetup-temp-allocator-size-gi-baking-worker=262144"
    "memorysetup-temp-allocator-size-gi-baking-worker=262144"
    "memorysetup-temp-allocator-size-gi-baking-worker=262144"
    "memorysetup-temp-allocator-size-gfx=262144"
Player connection [20468]  Target information:

Player connection [20468]  * "[IP] 25.48.63.229 [Port] 0 [Flags] 2 [Guid] 3733756840 [EditorId] 3733756840 [Version] 1048832 [Id] WindowsEditor(7,DESKTOP-RMGSU0G) [Debug] 1 [PackageName] WindowsEditor [ProjectName] Editor" 

Player connection [20468]  * "[IP] 192.168.0.103 [Port] 0 [Flags] 2 [Guid] 3733756840 [EditorId] 3733756840 [Version] 1048832 [Id] WindowsEditor(7,DESKTOP-RMGSU0G) [Debug] 1 [PackageName] WindowsEditor [ProjectName] Editor" 

Player connection [20468]  * "[IP] 10.147.19.93 [Port] 0 [Flags] 2 [Guid] 3733756840 [EditorId] 3733756840 [Version] 1048832 [Id] WindowsEditor(7,DESKTOP-RMGSU0G) [Debug] 1 [PackageName] WindowsEditor [ProjectName] Editor" 

Player connection [20468]  * "[IP] 172.24.148.111 [Port] 0 [Flags] 2 [Guid] 3733756840 [EditorId] 3733756840 [Version] 1048832 [Id] WindowsEditor(7,DESKTOP-RMGSU0G) [Debug] 1 [PackageName] WindowsEditor [ProjectName] Editor" 

Player connection [20468] Host joined multi-casting on [225.0.0.222:54997]...
Player connection [20468] Host joined alternative multi-casting on [225.0.0.222:34997]...
JobSystem: Creating JobQueue using job-worker-count value 5
[Physics::Module] Initialized fallback backend.
[Physics::Module] Id: 0xdecafbad
Library Redirect Path: Library/
[Physics::Module] Selected backend.
[Physics::Module] Name: PhysX
[Physics::Module] Id: 0xf2b8ea05
[Physics::Module] SDK Version: 4.1.2
[Physics::Module] Integration Version: 1.0.0
[Physics::Module] Threading Mode: Multi-Threaded
Refreshing native plugins compatible for Editor in 2.98 ms, found 3 plugins.
Preloading 0 native plugins for Editor in 0.00 ms.
Initialize engine version: 6000.0.24f1 (11fa355cd605)
[Subsystems] Discovering subsystems at path C:/Program Files/Unity/Hub/Editor/6000.0.24f1/Editor/Data/Resources/UnitySubsystems
[Subsystems] Discovering subsystems at path C:/Users/user/Desktop/HokejaSpele/Assets
GfxDevice: creating device client; kGfxThreadingModeNonThreaded
Direct3D:
    Version:  Direct3D 11.0 [level 11.1]
    Renderer: NVIDIA GeForce RTX 3060 (ID=0x2504)
    Vendor:   NVIDIA
    VRAM:     12115 MB
    Driver:   32.0.15.6636
Initialize mono
Mono path[0] = 'C:/Program Files/Unity/Hub/Editor/6000.0.24f1/Editor/Data/Managed'
Mono path[1] = 'C:/Program Files/Unity/Hub/Editor/6000.0.24f1/Editor/Data/MonoBleedingEdge/lib/mono/unityjit-win32'
Mono config path = 'C:/Program Files/Unity/Hub/Editor/6000.0.24f1/Editor/Data/MonoBleedingEdge/etc'
Using monoOptions --debugger-agent=transport=dt_socket,embedding=1,server=y,suspend=n,address=127.0.0.1:56752
Begin MonoManager ReloadAssembly
Registering precompiled unity dll's ...
Register platform support module: C:/Program Files/Unity/Hub/Editor/6000.0.24f1/Editor/Data/PlaybackEngines/WebGLSupport/UnityEditor.WebGL.Extensions.dll
Register platform support module: C:/Program Files/Unity/Hub/Editor/6000.0.24f1/Editor/Data/PlaybackEngines/WindowsStandaloneSupport/UnityEditor.WindowsStandalone.Extensions.dll
Registered in 0.006378 seconds.
- Loaded All Assemblies, in  0.460 seconds
Native extension for WindowsStandalone target not found
Native extension for WebGL target not found
Mono: successfully reloaded assembly
- Finished resetting the current domain, in  0.424 seconds
Domain Reload Profiling: 879ms
	BeginReloadAssembly (161ms)
		ExecutionOrderSort (0ms)
		DisableScriptedObjects (0ms)
		BackupInstance (0ms)
		ReleaseScriptingObjects (0ms)
		CreateAndSetChildDomain (1ms)
	RebuildCommonClasses (43ms)
	RebuildNativeTypeToScriptingClass (15ms)
	initialDomainReloadingComplete (63ms)
	LoadAllAssembliesAndSetupDomain (172ms)
		LoadAssemblies (156ms)
		RebuildTransferFunctionScriptingTraits (0ms)
		AnalyzeDomain (169ms)
			TypeCache.Refresh (167ms)
				TypeCache.ScanAssembly (153ms)
			BuildScriptInfoCaches (0ms)
			ResolveRequiredComponents (0ms)
	FinalizeReload (424ms)
		ReleaseScriptCaches (0ms)
		RebuildScriptCaches (0ms)
		SetupLoadedEditorAssemblies (380ms)
			LogAssemblyErrors (0ms)
			InitializePlatformSupportModulesInManaged (33ms)
			SetLoadedEditorAssemblies (7ms)
			BeforeProcessingInitializeOnLoad (8ms)
			ProcessInitializeOnLoadAttributes (222ms)
			ProcessInitializeOnLoadMethodAttributes (101ms)
			AfterProcessingInitializeOnLoad (8ms)
			EditorAssembliesLoaded (0ms)
		ExecutionOrderSort2 (0ms)
		AwakeInstancesAfterBackupRestoration (0ms)
========================================================================
Worker process is ready to serve import requests
Import Worker Mode flag is 0x00
Begin MonoManager ReloadAssembly
- Loaded All Assemblies, in  1.123 seconds
Refreshing native plugins compatible for Editor in 1.38 ms, found 3 plugins.
Native extension for WindowsStandalone target not found
Native extension for WebGL target not found
Mono: successfully reloaded assembly
- Finished resetting the current domain, in  0.964 seconds
Domain Reload Profiling: 2081ms
	BeginReloadAssembly (475ms)
		ExecutionOrderSort (0ms)
		DisableScriptedObjects (7ms)
		BackupInstance (0ms)
		ReleaseScriptingObjects (0ms)
		CreateAndSetChildDomain (36ms)
	RebuildCommonClasses (43ms)
	RebuildNativeTypeToScriptingClass (14ms)
	initialDomainReloadingComplete (44ms)
	LoadAllAssembliesAndSetupDomain (541ms)
		LoadAssemblies (429ms)
		RebuildTransferFunctionScriptingTraits (0ms)
		AnalyzeDomain (241ms)
			TypeCache.Refresh (185ms)
				TypeCache.ScanAssembly (171ms)
			BuildScriptInfoCaches (47ms)
			ResolveRequiredComponents (6ms)
	FinalizeReload (965ms)
		ReleaseScriptCaches (0ms)
		RebuildScriptCaches (0ms)
		SetupLoadedEditorAssemblies (725ms)
			LogAssemblyErrors (0ms)
			InitializePlatformSupportModulesInManaged (3ms)
			SetLoadedEditorAssemblies (8ms)
			BeforeProcessingInitializeOnLoad (116ms)
			ProcessInitializeOnLoadAttributes (554ms)
			ProcessInitializeOnLoadMethodAttributes (30ms)
			AfterProcessingInitializeOnLoad (14ms)
			EditorAssembliesLoaded (0ms)
		ExecutionOrderSort2 (0ms)
		AwakeInstancesAfterBackupRestoration (14ms)
Launched and connected shader compiler UnityShaderCompiler.exe after 0.01 seconds
Refreshing native plugins compatible for Editor in 2.07 ms, found 3 plugins.
Preloading 0 native plugins for Editor in 0.00 ms.
Unloading 10 Unused Serialized files (Serialized files now loaded: 0)
Unloading 3673 unused Assets / (1.1 MB). Loaded Objects now: 4263.
Memory consumption went from 111.3 MB to 110.2 MB.
Total: 8.258800 ms (FindLiveObjects: 0.828700 ms CreateObjectMapping: 0.343800 ms MarkObjects: 5.920600 ms  DeleteObjects: 1.162800 ms)

========================================================================
Received Import Request.
  Time since last request: 8293.932256 seconds.
  path: Assets/CustomizableCharacters/Packs/IceHockey/Prefabs/Team2/prefab_team2_player3.prefab
  artifactKey: Guid(b67841019d53fbb46888dc637b61e46c) Importer(815301076,1909f56bfc062723c751e8b465ee728b)
Start importing Assets/CustomizableCharacters/Packs/IceHockey/Prefabs/Team2/prefab_team2_player3.prefab using Guid(b67841019d53fbb46888dc637b61e46c) Importer(815301076,1909f56bfc062723c751e8b465ee728b) (PreviewImporter) -> (artifact id: 'a3bf2fc167b807b78ab4f26c7d4003f8') in 0.1423244 seconds
Number of updated asset objects reloaded before import = 0Number of asset objects unloaded after import = 147

========================================================================
Received Import Request.
  Time since last request: 0.400468 seconds.
  path: Assets/CustomizableCharacters/Packs/IceHockey/Prefabs/Team4/prefab_team4_player3.prefab
  artifactKey: Guid(946a6b75810cf8a4982eb19b36dfc854) Importer(815301076,1909f56bfc062723c751e8b465ee728b)
Start importing Assets/CustomizableCharacters/Packs/IceHockey/Prefabs/Team4/prefab_team4_player3.prefab using Guid(946a6b75810cf8a4982eb19b36dfc854) Importer(815301076,1909f56bfc062723c751e8b465ee728b) (PreviewImporter) -> (artifact id: '85dad2317dfddb60e1c0c84ba20e5f33') in 0.0134054 seconds
Number of updated asset objects reloaded before import = 0Number of asset objects unloaded after import = 147

========================================================================
Received Import Request.
  Time since last request: 0.000018 seconds.
  path: Assets/CustomizableCharacters/Packs/IceHockey/Prefabs/Team4/prefab_team4_player7.prefab
  artifactKey: Guid(240745f9a08ded840947922b155a3caf) Importer(815301076,1909f56bfc062723c751e8b465ee728b)
Start importing Assets/CustomizableCharacters/Packs/IceHockey/Prefabs/Team4/prefab_team4_player7.prefab using Guid(240745f9a08ded840947922b155a3caf) Importer(815301076,1909f56bfc062723c751e8b465ee728b) (PreviewImporter) -> (artifact id: '5b6385452b7b2f95374e73fc5a28db3f') in 0.0125863 seconds
Number of updated asset objects reloaded before import = 0Number of asset objects unloaded after import = 147

========================================================================
Received Import Request.
  Time since last request: 0.000017 seconds.
  path: Assets/CustomizableCharacters/Packs/IceHockey/Prefabs/Team4/prefab_team4_player9.prefab
  artifactKey: Guid(aa9760cf6f176684cb764acf9b8b5619) Importer(815301076,1909f56bfc062723c751e8b465ee728b)
Start importing Assets/CustomizableCharacters/Packs/IceHockey/Prefabs/Team4/prefab_team4_player9.prefab using Guid(aa9760cf6f176684cb764acf9b8b5619) Importer(815301076,1909f56bfc062723c751e8b465ee728b) (PreviewImporter) -> (artifact id: '00431aeaeb350fb94a5a009fc5a1a4aa') in 0.0172889 seconds
Number of updated asset objects reloaded before import = 0Number of asset objects unloaded after import = 147

========================================================================
Received Import Request.
  Time since last request: 2.613530 seconds.
  path: Assets/CustomizableCharacters/Packs/IceHockey/Resources/CustomizableCharacters/Equipment/203.prefab
  artifactKey: Guid(13b945a9605a36c4e9c6ff2af90d55ff) Importer(815301076,1909f56bfc062723c751e8b465ee728b)
Start importing Assets/CustomizableCharacters/Packs/IceHockey/Resources/CustomizableCharacters/Equipment/203.prefab using Guid(13b945a9605a36c4e9c6ff2af90d55ff) Importer(815301076,1909f56bfc062723c751e8b465ee728b) (PreviewImporter) -> (artifact id: '669fdef956df788c5e81c226c2b9c59a') in 0.023182 seconds
Number of updated asset objects reloaded before import = 0Number of asset objects unloaded after import = 74

========================================================================
Received Import Request.
  Time since last request: 0.000021 seconds.
  path: Assets/CustomizableCharacters/Packs/IceHockey/Resources/CustomizableCharacters/Equipment/216.prefab
  artifactKey: Guid(d5992c2ddb5a4bf4e9da23c3f999d083) Importer(815301076,1909f56bfc062723c751e8b465ee728b)
Start importing Assets/CustomizableCharacters/Packs/IceHockey/Resources/CustomizableCharacters/Equipment/216.prefab using Guid(d5992c2ddb5a4bf4e9da23c3f999d083) Importer(815301076,1909f56bfc062723c751e8b465ee728b) (PreviewImporter) -> (artifact id: '2933ce8ac518be45ca5d1c3e4f46e87b') in 0.0325262 seconds
Number of updated asset objects reloaded before import = 0Number of asset objects unloaded after import = 68

========================================================================
Received Import Request.
  Time since last request: 0.000017 seconds.
  path: Assets/CustomizableCharacters/Packs/IceHockey/Resources/CustomizableCharacters/Equipment/208.prefab
  artifactKey: Guid(08c4b56090b8f584cabc14007c37d4c4) Importer(815301076,1909f56bfc062723c751e8b465ee728b)
Start importing Assets/CustomizableCharacters/Packs/IceHockey/Resources/CustomizableCharacters/Equipment/208.prefab using Guid(08c4b56090b8f584cabc14007c37d4c4) Importer(815301076,1909f56bfc062723c751e8b465ee728b) (PreviewImporter) -> (artifact id: '91d74ede1738460bf8df51b43be5d19b') in 0.0202135 seconds
Number of updated asset objects reloaded before import = 0Number of asset objects unloaded after import = 70

========================================================================
Received Import Request.
  Time since last request: 0.000019 seconds.
  path: Assets/CustomizableCharacters/Packs/IceHockey/Resources/CustomizableCharacters/Equipment/212.prefab
  artifactKey: Guid(1e243f7a7fadc8c45aa9e9b53fea63d1) Importer(815301076,1909f56bfc062723c751e8b465ee728b)
Start importing Assets/CustomizableCharacters/Packs/IceHockey/Resources/CustomizableCharacters/Equipment/212.prefab using Guid(1e243f7a7fadc8c45aa9e9b53fea63d1) Importer(815301076,1909f56bfc062723c751e8b465ee728b) (PreviewImporter) -> (artifact id: '8b187c130e25a5c07c38abdb7299ebc7') in 0.1758715 seconds
Number of updated asset objects reloaded before import = 0Number of asset objects unloaded after import = 69

========================================================================
Received Import Request.
  Time since last request: 0.000025 seconds.
  path: Assets/CustomizableCharacters/Packs/IceHockey/Resources/CustomizableCharacters/Equipment/214.prefab
  artifactKey: Guid(5f8b08c212bd44b488e630a3aefffb2a) Importer(815301076,1909f56bfc062723c751e8b465ee728b)
Start importing Assets/CustomizableCharacters/Packs/IceHockey/Resources/CustomizableCharacters/Equipment/214.prefab using Guid(5f8b08c212bd44b488e630a3aefffb2a) Importer(815301076,1909f56bfc062723c751e8b465ee728b) (PreviewImporter) -> (artifact id: '78064816814f7e5232ba8dedaa9456b0') in 0.0216593 seconds
Number of updated asset objects reloaded before import = 0Number of asset objects unloaded after import = 74

========================================================================
Received Import Request.
  Time since last request: 0.000039 seconds.
  path: Assets/CustomizableCharacters/Packs/IceHockey/Resources/CustomizableCharacters/Equipment/224.prefab
  artifactKey: Guid(af2f73d764a4eb341a768beec257cae4) Importer(815301076,1909f56bfc062723c751e8b465ee728b)
Start importing Assets/CustomizableCharacters/Packs/IceHockey/Resources/CustomizableCharacters/Equipment/224.prefab using Guid(af2f73d764a4eb341a768beec257cae4) Importer(815301076,1909f56bfc062723c751e8b465ee728b) (PreviewImporter) -> (artifact id: '959f98f14f3145e9970382a674ec9a65') in 0.0213529 seconds
Number of updated asset objects reloaded before import = 0Number of asset objects unloaded after import = 75

========================================================================
Received Import Request.
  Time since last request: 0.000017 seconds.
  path: Assets/CustomizableCharacters/Packs/IceHockey/Resources/CustomizableCharacters/Equipment/210.prefab
  artifactKey: Guid(4bf257c81774b354cabcc623f65d6fce) Importer(815301076,1909f56bfc062723c751e8b465ee728b)
Start importing Assets/CustomizableCharacters/Packs/IceHockey/Resources/CustomizableCharacters/Equipment/210.prefab using Guid(4bf257c81774b354cabcc623f65d6fce) Importer(815301076,1909f56bfc062723c751e8b465ee728b) (PreviewImporter) -> (artifact id: 'eee4ffa48c38d3b00c99dd3378029e21') in 0.0196525 seconds
Number of updated asset objects reloaded before import = 0Number of asset objects unloaded after import = 16

========================================================================
Received Import Request.
  Time since last request: 0.000027 seconds.
  path: Assets/CustomizableCharacters/Packs/IceHockey/Resources/CustomizableCharacters/Equipment/211.prefab
  artifactKey: Guid(9accdb76d41cc4b4f87c505fa9d6efc2) Importer(815301076,1909f56bfc062723c751e8b465ee728b)
Start importing Assets/CustomizableCharacters/Packs/IceHockey/Resources/CustomizableCharacters/Equipment/211.prefab using Guid(9accdb76d41cc4b4f87c505fa9d6efc2) Importer(815301076,1909f56bfc062723c751e8b465ee728b) (PreviewImporter) -> (artifact id: '6aed8c6e10add5e2d5e6b3a5447dde66') in 0.0301654 seconds
Number of updated asset objects reloaded before import = 0Number of asset objects unloaded after import = 69

========================================================================
Received Import Request.
  Time since last request: 0.000036 seconds.
  path: Assets/CustomizableCharacters/Packs/IceHockey/Resources/CustomizableCharacters/Equipment/226.prefab
  artifactKey: Guid(042f646ee54686740b0e6f95660bc208) Importer(815301076,1909f56bfc062723c751e8b465ee728b)
Start importing Assets/CustomizableCharacters/Packs/IceHockey/Resources/CustomizableCharacters/Equipment/226.prefab using Guid(042f646ee54686740b0e6f95660bc208) Importer(815301076,1909f56bfc062723c751e8b465ee728b) (PreviewImporter) -> (artifact id: '20bedb98a73dc923ea5b5bd491d4005c') in 0.0188665 seconds
Number of updated asset objects reloaded before import = 0Number of asset objects unloaded after import = 69

========================================================================
Received Import Request.
  Time since last request: 0.000017 seconds.
  path: Assets/CustomizableCharacters/Packs/IceHockey/Resources/CustomizableCharacters/Equipment/213.prefab
  artifactKey: Guid(47a5b98637291ae44beb6f6265f75048) Importer(815301076,1909f56bfc062723c751e8b465ee728b)
Start importing Assets/CustomizableCharacters/Packs/IceHockey/Resources/CustomizableCharacters/Equipment/213.prefab using Guid(47a5b98637291ae44beb6f6265f75048) Importer(815301076,1909f56bfc062723c751e8b465ee728b) (PreviewImporter) -> (artifact id: '905c4338c157d871576a995c2c471fd5') in 0.0170841 seconds
Number of updated asset objects reloaded before import = 0Number of asset objects unloaded after import = 70

========================================================================
Received Import Request.
  Time since last request: 0.000021 seconds.
  path: Assets/CustomizableCharacters/Packs/IceHockey/Resources/CustomizableCharacters/Equipment/221.prefab
  artifactKey: Guid(085437c74989f014fb2003dccb858e63) Importer(815301076,1909f56bfc062723c751e8b465ee728b)
Start importing Assets/CustomizableCharacters/Packs/IceHockey/Resources/CustomizableCharacters/Equipment/221.prefab using Guid(085437c74989f014fb2003dccb858e63) Importer(815301076,1909f56bfc062723c751e8b465ee728b) (PreviewImporter) -> (artifact id: '5a1e0ba4a69d6780e7c1bb300e8f72ec') in 0.0201989 seconds
Number of updated asset objects reloaded before import = 0Number of asset objects unloaded after import = 75

========================================================================
Received Import Request.
  Time since last request: 1.600691 seconds.
  path: Assets/CustomizableCharacters/Packs/IceHockey/Resources/CustomizableCharacters/HockeyNumbers/3.png
  artifactKey: Guid(f5f10f15d836a7547b72119027abc0d9) Importer(815301076,1909f56bfc062723c751e8b465ee728b)
Start importing Assets/CustomizableCharacters/Packs/IceHockey/Resources/CustomizableCharacters/HockeyNumbers/3.png using Guid(f5f10f15d836a7547b72119027abc0d9) Importer(815301076,1909f56bfc062723c751e8b465ee728b) (PreviewImporter) -> (artifact id: '58b83390503cbb837df3ddd6dd32af10') in 0.0389686 seconds
Number of updated asset objects reloaded before import = 0Number of asset objects unloaded after import = 3

========================================================================
Received Import Request.
  Time since last request: 0.000072 seconds.
  path: Assets/CustomizableCharacters/Packs/IceHockey/Resources/CustomizableCharacters/HockeyNumbers/6.png
  artifactKey: Guid(314fcc62b438ab44890e73b9247319b8) Importer(815301076,1909f56bfc062723c751e8b465ee728b)
Start importing Assets/CustomizableCharacters/Packs/IceHockey/Resources/CustomizableCharacters/HockeyNumbers/6.png using Guid(314fcc62b438ab44890e73b9247319b8) Importer(815301076,1909f56bfc062723c751e8b465ee728b) (PreviewImporter) -> (artifact id: 'a963d1f6e8288e3dec33c5a762d96f9a') in 0.0178855 seconds
Number of updated asset objects reloaded before import = 0Number of asset objects unloaded after import = 3

========================================================================
Received Import Request.
  Time since last request: 0.000021 seconds.
  path: Assets/CustomizableCharacters/Packs/IceHockey/Resources/CustomizableCharacters/HockeyNumbers/43.png
  artifactKey: Guid(4c0cb1740825c61499682421ab5e4a20) Importer(815301076,1909f56bfc062723c751e8b465ee728b)
Start importing Assets/CustomizableCharacters/Packs/IceHockey/Resources/CustomizableCharacters/HockeyNumbers/43.png using Guid(4c0cb1740825c61499682421ab5e4a20) Importer(815301076,1909f56bfc062723c751e8b465ee728b) (PreviewImporter) -> (artifact id: 'c97087614686b9f4348d1a0c3de75184') in 0.0164911 seconds
Number of updated asset objects reloaded before import = 0Number of asset objects unloaded after import = 3

========================================================================
Received Import Request.
  Time since last request: 0.000017 seconds.
  path: Assets/CustomizableCharacters/Packs/IceHockey/Resources/CustomizableCharacters/HockeyNumbers/25.png
  artifactKey: Guid(8d5763d84ca441d4ea8be81aae25214f) Importer(815301076,1909f56bfc062723c751e8b465ee728b)
Start importing Assets/CustomizableCharacters/Packs/IceHockey/Resources/CustomizableCharacters/HockeyNumbers/25.png using Guid(8d5763d84ca441d4ea8be81aae25214f) Importer(815301076,1909f56bfc062723c751e8b465ee728b) (PreviewImporter) -> (artifact id: '3849ce7159390da8b5d09cd3acff9258') in 0.0213902 seconds
Number of updated asset objects reloaded before import = 0Number of asset objects unloaded after import = 3

========================================================================
Received Import Request.
  Time since last request: 0.000024 seconds.
  path: Assets/CustomizableCharacters/Packs/IceHockey/Resources/CustomizableCharacters/HockeyNumbers/51.png
  artifactKey: Guid(b3583b8a42d7ad24cb1097d239837966) Importer(815301076,1909f56bfc062723c751e8b465ee728b)
Start importing Assets/CustomizableCharacters/Packs/IceHockey/Resources/CustomizableCharacters/HockeyNumbers/51.png using Guid(b3583b8a42d7ad24cb1097d239837966) Importer(815301076,1909f56bfc062723c751e8b465ee728b) (PreviewImporter) -> (artifact id: '4868f9b9bb4a0af5233a1a861612e26a') in 0.0183547 seconds
Number of updated asset objects reloaded before import = 0Number of asset objects unloaded after import = 3

========================================================================
Received Import Request.
  Time since last request: 0.000043 seconds.
  path: Assets/CustomizableCharacters/Packs/IceHockey/Resources/CustomizableCharacters/HockeyNumbers/53.png
  artifactKey: Guid(27c3227e0eba12547bf3593e728c1720) Importer(815301076,1909f56bfc062723c751e8b465ee728b)
Start importing Assets/CustomizableCharacters/Packs/IceHockey/Resources/CustomizableCharacters/HockeyNumbers/53.png using Guid(27c3227e0eba12547bf3593e728c1720) Importer(815301076,1909f56bfc062723c751e8b465ee728b) (PreviewImporter) -> (artifact id: '75d3cb9c18696b92d35b68a29fcf7758') in 0.0201166 seconds
Number of updated asset objects reloaded before import = 0Number of asset objects unloaded after import = 3

========================================================================
Received Import Request.
  Time since last request: 0.000022 seconds.
  path: Assets/CustomizableCharacters/Packs/IceHockey/Resources/CustomizableCharacters/HockeyNumbers/36.png
  artifactKey: Guid(22f46ac810e65394fa73de594206c22a) Importer(815301076,1909f56bfc062723c751e8b465ee728b)
Start importing Assets/CustomizableCharacters/Packs/IceHockey/Resources/CustomizableCharacters/HockeyNumbers/36.png using Guid(22f46ac810e65394fa73de594206c22a) Importer(815301076,1909f56bfc062723c751e8b465ee728b) (PreviewImporter) -> (artifact id: '1dfea72785634bf4e2dc9521850f9a4e') in 0.0193973 seconds
Number of updated asset objects reloaded before import = 0Number of asset objects unloaded after import = 3

========================================================================
Received Import Request.
  Time since last request: 0.000021 seconds.
  path: Assets/CustomizableCharacters/Packs/IceHockey/Resources/CustomizableCharacters/HockeyNumbers/26.png
  artifactKey: Guid(03bf2b5c5ba175e42bb21f4e308ea13a) Importer(815301076,1909f56bfc062723c751e8b465ee728b)
Start importing Assets/CustomizableCharacters/Packs/IceHockey/Resources/CustomizableCharacters/HockeyNumbers/26.png using Guid(03bf2b5c5ba175e42bb21f4e308ea13a) Importer(815301076,1909f56bfc062723c751e8b465ee728b) (PreviewImporter) -> (artifact id: '8cbc55bc54d4dccc42466d7256050d4b') in 0.0186499 seconds
Number of updated asset objects reloaded before import = 0Number of asset objects unloaded after import = 3

========================================================================
Received Import Request.
  Time since last request: 0.000036 seconds.
  path: Assets/CustomizableCharacters/Packs/IceHockey/Resources/CustomizableCharacters/HockeyNumbers/44.png
  artifactKey: Guid(d814690a860dfb94ba5d4e09526fecf9) Importer(815301076,1909f56bfc062723c751e8b465ee728b)
Start importing Assets/CustomizableCharacters/Packs/IceHockey/Resources/CustomizableCharacters/HockeyNumbers/44.png using Guid(d814690a860dfb94ba5d4e09526fecf9) Importer(815301076,1909f56bfc062723c751e8b465ee728b) (PreviewImporter) -> (artifact id: 'ceecaf914bdbe9046b31ee5386c6d152') in 0.0212336 seconds
Number of updated asset objects reloaded before import = 0Number of asset objects unloaded after import = 3

========================================================================
Received Import Request.
  Time since last request: 0.000025 seconds.
  path: Assets/CustomizableCharacters/Packs/IceHockey/Resources/CustomizableCharacters/HockeyNumbers/35.png
  artifactKey: Guid(122fbbe5436663847b86adff2e7ecf31) Importer(815301076,1909f56bfc062723c751e8b465ee728b)
Start importing Assets/CustomizableCharacters/Packs/IceHockey/Resources/CustomizableCharacters/HockeyNumbers/35.png using Guid(122fbbe5436663847b86adff2e7ecf31) Importer(815301076,1909f56bfc062723c751e8b465ee728b) (PreviewImporter) -> (artifact id: 'fc6fece5e203d8fc9af8a38275c3b442') in 0.0193747 seconds
Number of updated asset objects reloaded before import = 0Number of asset objects unloaded after import = 3

========================================================================
Received Import Request.
  Time since last request: 0.000022 seconds.
  path: Assets/CustomizableCharacters/Packs/IceHockey/Resources/CustomizableCharacters/HockeyNumbers/34.png
  artifactKey: Guid(85c7d0261ae52b04ea14c8cd6062a286) Importer(815301076,1909f56bfc062723c751e8b465ee728b)
Start importing Assets/CustomizableCharacters/Packs/IceHockey/Resources/CustomizableCharacters/HockeyNumbers/34.png using Guid(85c7d0261ae52b04ea14c8cd6062a286) Importer(815301076,1909f56bfc062723c751e8b465ee728b) (PreviewImporter) -> (artifact id: '4f3b35fc0c161de54f2d5a1f999ce404') in 0.0190807 seconds
Number of updated asset objects reloaded before import = 0Number of asset objects unloaded after import = 3

========================================================================
Received Import Request.
  Time since last request: 0.000030 seconds.
  path: Assets/CustomizableCharacters/Packs/IceHockey/Resources/CustomizableCharacters/HockeyNumbers/38.png
  artifactKey: Guid(7237790f2c65f834bb653bcfde117d59) Importer(815301076,1909f56bfc062723c751e8b465ee728b)
Start importing Assets/CustomizableCharacters/Packs/IceHockey/Resources/CustomizableCharacters/HockeyNumbers/38.png using Guid(7237790f2c65f834bb653bcfde117d59) Importer(815301076,1909f56bfc062723c751e8b465ee728b) (PreviewImporter) -> (artifact id: '9ba07f323a3241198938d9fbcfc0f647') in 0.0179987 seconds
Number of updated asset objects reloaded before import = 0Number of asset objects unloaded after import = 3

========================================================================
Received Import Request.
  Time since last request: 0.000046 seconds.
  path: Assets/CustomizableCharacters/Packs/IceHockey/Resources/CustomizableCharacters/HockeyNumbers/16.png
  artifactKey: Guid(c1c5dd0056e2c9745b57cec40494635f) Importer(815301076,1909f56bfc062723c751e8b465ee728b)
Start importing Assets/CustomizableCharacters/Packs/IceHockey/Resources/CustomizableCharacters/HockeyNumbers/16.png using Guid(c1c5dd0056e2c9745b57cec40494635f) Importer(815301076,1909f56bfc062723c751e8b465ee728b) (PreviewImporter) -> (artifact id: '90400457cbc6d64394fd39255bc852b5') in 0.0181885 seconds
Number of updated asset objects reloaded before import = 0Number of asset objects unloaded after import = 3

========================================================================
Received Import Request.
  Time since last request: 0.000032 seconds.
  path: Assets/CustomizableCharacters/Packs/IceHockey/Resources/CustomizableCharacters/HockeyNumbers/29.png
  artifactKey: Guid(44f510aa59052a644b9145f3268e9c09) Importer(815301076,1909f56bfc062723c751e8b465ee728b)
Start importing Assets/CustomizableCharacters/Packs/IceHockey/Resources/CustomizableCharacters/HockeyNumbers/29.png using Guid(44f510aa59052a644b9145f3268e9c09) Importer(815301076,1909f56bfc062723c751e8b465ee728b) (PreviewImporter) -> (artifact id: 'd233f85c9a4acdbf243882e1247bd3d7') in 0.0189542 seconds
Number of updated asset objects reloaded before import = 0Number of asset objects unloaded after import = 3

========================================================================
Received Import Request.
  Time since last request: 0.000037 seconds.
  path: Assets/CustomizableCharacters/Packs/IceHockey/Resources/CustomizableCharacters/HockeyNumbers/58.png
  artifactKey: Guid(fa91a9c4d879add4dab53e198e377354) Importer(815301076,1909f56bfc062723c751e8b465ee728b)
Start importing Assets/CustomizableCharacters/Packs/IceHockey/Resources/CustomizableCharacters/HockeyNumbers/58.png using Guid(fa91a9c4d879add4dab53e198e377354) Importer(815301076,1909f56bfc062723c751e8b465ee728b) (PreviewImporter) -> (artifact id: 'ef4ed3f9e99ccec3529c4884d1b9b51c') in 0.0192804 seconds
Number of updated asset objects reloaded before import = 0Number of asset objects unloaded after import = 3

========================================================================
Received Import Request.
  Time since last request: 0.000019 seconds.
  path: Assets/CustomizableCharacters/Packs/IceHockey/Resources/CustomizableCharacters/HockeyNumbers/23.png
  artifactKey: Guid(c9da3537cb654b447bc381d03f3dfc90) Importer(815301076,1909f56bfc062723c751e8b465ee728b)
Start importing Assets/CustomizableCharacters/Packs/IceHockey/Resources/CustomizableCharacters/HockeyNumbers/23.png using Guid(c9da3537cb654b447bc381d03f3dfc90) Importer(815301076,1909f56bfc062723c751e8b465ee728b) (PreviewImporter) -> (artifact id: '4bf1b944e0e972c64f961549bf5a8e31') in 0.0180861 seconds
Number of updated asset objects reloaded before import = 0Number of asset objects unloaded after import = 3

========================================================================
Received Import Request.
  Time since last request: 0.000021 seconds.
  path: Assets/CustomizableCharacters/Packs/IceHockey/Resources/CustomizableCharacters/HockeyNumbers/12.png
  artifactKey: Guid(49c1a55ef0eb1d64d887ac44615689a6) Importer(815301076,1909f56bfc062723c751e8b465ee728b)
Start importing Assets/CustomizableCharacters/Packs/IceHockey/Resources/CustomizableCharacters/HockeyNumbers/12.png using Guid(49c1a55ef0eb1d64d887ac44615689a6) Importer(815301076,1909f56bfc062723c751e8b465ee728b) (PreviewImporter) -> (artifact id: '209cac23eb52fd31cccac927cb3a3bd1') in 0.0169407 seconds
Number of updated asset objects reloaded before import = 0Number of asset objects unloaded after import = 3

========================================================================
Received Import Request.
  Time since last request: 0.000020 seconds.
  path: Assets/CustomizableCharacters/Packs/IceHockey/Resources/CustomizableCharacters/HockeyNumbers/9.png
  artifactKey: Guid(4a326017e00e62a46b9dc17968ffe2db) Importer(815301076,1909f56bfc062723c751e8b465ee728b)
Start importing Assets/CustomizableCharacters/Packs/IceHockey/Resources/CustomizableCharacters/HockeyNumbers/9.png using Guid(4a326017e00e62a46b9dc17968ffe2db) Importer(815301076,1909f56bfc062723c751e8b465ee728b) (PreviewImporter) -> (artifact id: '7d91f8ea85b5a71a2049e2356654ddd0') in 0.0167909 seconds
Number of updated asset objects reloaded before import = 0Number of asset objects unloaded after import = 3

========================================================================
Received Import Request.
  Time since last request: 0.000070 seconds.
  path: Assets/CustomizableCharacters/Packs/IceHockey/Resources/CustomizableCharacters/HockeyNumbers/27.png
  artifactKey: Guid(72f48bb1139ab4642abbae3e2d7ef0bb) Importer(815301076,1909f56bfc062723c751e8b465ee728b)
Start importing Assets/CustomizableCharacters/Packs/IceHockey/Resources/CustomizableCharacters/HockeyNumbers/27.png using Guid(72f48bb1139ab4642abbae3e2d7ef0bb) Importer(815301076,1909f56bfc062723c751e8b465ee728b) (PreviewImporter) -> (artifact id: 'a94361b2a2a6650c24b3fb915b2149f2') in 0.0176032 seconds
Number of updated asset objects reloaded before import = 0Number of asset objects unloaded after import = 3

========================================================================
Received Import Request.
  Time since last request: 0.000019 seconds.
  path: Assets/CustomizableCharacters/Packs/IceHockey/Resources/CustomizableCharacters/HockeyNumbers/56.png
  artifactKey: Guid(4bc22307287b91f41a8fb34ff304b14f) Importer(815301076,1909f56bfc062723c751e8b465ee728b)
Start importing Assets/CustomizableCharacters/Packs/IceHockey/Resources/CustomizableCharacters/HockeyNumbers/56.png using Guid(4bc22307287b91f41a8fb34ff304b14f) Importer(815301076,1909f56bfc062723c751e8b465ee728b) (PreviewImporter) -> (artifact id: '380017195ee649fcad0eded525d0248c') in 0.0163408 seconds
Number of updated asset objects reloaded before import = 0Number of asset objects unloaded after import = 3

========================================================================
Received Import Request.
  Time since last request: 14.792963 seconds.
  path: Assets/CustomizableCharacters/Common/Resources/CustomizableCharacters/Beard/3.prefab
  artifactKey: Guid(22ab609a630d3b84689f254aaf309fe1) Importer(815301076,1909f56bfc062723c751e8b465ee728b)
Start importing Assets/CustomizableCharacters/Common/Resources/CustomizableCharacters/Beard/3.prefab using Guid(22ab609a630d3b84689f254aaf309fe1) Importer(815301076,1909f56bfc062723c751e8b465ee728b) (PreviewImporter) -> (artifact id: '26a7d338884dd6cd026df6ea3e02fd4d') in 0.0182027 seconds
Number of updated asset objects reloaded before import = 0Number of asset objects unloaded after import = 69

========================================================================
Received Import Request.
  Time since last request: 0.000021 seconds.
  path: Assets/CustomizableCharacters/Common/Resources/CustomizableCharacters/Beard/5.prefab
  artifactKey: Guid(663c7afbc33ee0b4fa1ab8089b53261e) Importer(815301076,1909f56bfc062723c751e8b465ee728b)
Start importing Assets/CustomizableCharacters/Common/Resources/CustomizableCharacters/Beard/5.prefab using Guid(663c7afbc33ee0b4fa1ab8089b53261e) Importer(815301076,1909f56bfc062723c751e8b465ee728b) (PreviewImporter) -> (artifact id: '9ab6a70493a8ff0f7ce689c6360d05d1') in 0.0182758 seconds
Number of updated asset objects reloaded before import = 0Number of asset objects unloaded after import = 69

========================================================================
Received Import Request.
  Time since last request: 0.590433 seconds.
  path: Assets/CustomizableCharacters/Common/Resources/CustomizableCharacters/BodyParts/3.prefab
  artifactKey: Guid(686e37b92e6a0de4592c12476bab6af6) Importer(815301076,1909f56bfc062723c751e8b465ee728b)
Start importing Assets/CustomizableCharacters/Common/Resources/CustomizableCharacters/BodyParts/3.prefab using Guid(686e37b92e6a0de4592c12476bab6af6) Importer(815301076,1909f56bfc062723c751e8b465ee728b) (PreviewImporter) -> (artifact id: '6683aadcc856228e8f4539d27b0de242') in 0.0212247 seconds
Number of updated asset objects reloaded before import = 0Number of asset objects unloaded after import = 129

========================================================================
Received Import Request.
  Time since last request: 0.000021 seconds.
  path: Assets/CustomizableCharacters/Common/Resources/CustomizableCharacters/BodyParts/4.prefab
  artifactKey: Guid(773b5ac4779e8eb4aa377bf88f24dda3) Importer(815301076,1909f56bfc062723c751e8b465ee728b)
Start importing Assets/CustomizableCharacters/Common/Resources/CustomizableCharacters/BodyParts/4.prefab using Guid(773b5ac4779e8eb4aa377bf88f24dda3) Importer(815301076,1909f56bfc062723c751e8b465ee728b) (PreviewImporter) -> (artifact id: 'de907d206934b14f962a0b6804053301') in 0.0250836 seconds
Number of updated asset objects reloaded before import = 0Number of asset objects unloaded after import = 131

========================================================================
Received Import Request.
  Time since last request: 2.584564 seconds.
  path: Assets/CustomizableCharacters/Common/Source files/Beard/Mesh_Beard_3.fbx
  artifactKey: Guid(d9c009f8b7521ab4f8520d292c7f553e) Importer(815301076,1909f56bfc062723c751e8b465ee728b)
Start importing Assets/CustomizableCharacters/Common/Source files/Beard/Mesh_Beard_3.fbx using Guid(d9c009f8b7521ab4f8520d292c7f553e) Importer(815301076,1909f56bfc062723c751e8b465ee728b) (PreviewImporter) -> (artifact id: 'a0ae2e0eab781f597438ee142b4fd7aa') in 0.1510057 seconds
Number of updated asset objects reloaded before import = 0Number of asset objects unloaded after import = 60

========================================================================
Received Import Request.
  Time since last request: 0.000020 seconds.
  path: Assets/CustomizableCharacters/Common/Source files/Beard/Mesh_Beard_5.fbx
  artifactKey: Guid(fb31de8fc1f74ec4288da36e76ebcc76) Importer(815301076,1909f56bfc062723c751e8b465ee728b)
Start importing Assets/CustomizableCharacters/Common/Source files/Beard/Mesh_Beard_5.fbx using Guid(fb31de8fc1f74ec4288da36e76ebcc76) Importer(815301076,1909f56bfc062723c751e8b465ee728b) (PreviewImporter) -> (artifact id: '8b1c9e5f229be521e4e6733d63c5e032') in 0.024729 seconds
Number of updated asset objects reloaded before import = 0Number of asset objects unloaded after import = 60

========================================================================
Received Import Request.
  Time since last request: 0.341321 seconds.
  path: Assets/CustomizableCharacters/Common/Source files/BodyParts/Female_Head.fbx
  artifactKey: Guid(90bebb0b92d52c84686346ba818a925f) Importer(815301076,1909f56bfc062723c751e8b465ee728b)
Start importing Assets/CustomizableCharacters/Common/Source files/BodyParts/Female_Head.fbx using Guid(90bebb0b92d52c84686346ba818a925f) Importer(815301076,1909f56bfc062723c751e8b465ee728b) (PreviewImporter) -> (artifact id: 'e30ccb272d30da95e9fe57c4515e137e') in 0.0272183 seconds
Number of updated asset objects reloaded before import = 0Number of asset objects unloaded after import = 60

========================================================================
Received Import Request.
  Time since last request: 0.000030 seconds.
  path: Assets/CustomizableCharacters/Common/Source files/BodyParts/Male_Feet.fbx
  artifactKey: Guid(3b804b67687265948af5b4963cbf0823) Importer(815301076,1909f56bfc062723c751e8b465ee728b)
Start importing Assets/CustomizableCharacters/Common/Source files/BodyParts/Male_Feet.fbx using Guid(3b804b67687265948af5b4963cbf0823) Importer(815301076,1909f56bfc062723c751e8b465ee728b) (PreviewImporter) -> (artifact id: 'de6e058b1cdf856dbd9c4686ed9d28c4') in 0.0243516 seconds
Number of updated asset objects reloaded before import = 0Number of asset objects unloaded after import = 60

========================================================================
Received Import Request.
  Time since last request: 0.000018 seconds.
  path: Assets/CustomizableCharacters/Common/Source files/BodyParts/Male_Hands.fbx
  artifactKey: Guid(c880ee6abeaf37643a8820cc1d0019ec) Importer(815301076,1909f56bfc062723c751e8b465ee728b)
Start importing Assets/CustomizableCharacters/Common/Source files/BodyParts/Male_Hands.fbx using Guid(c880ee6abeaf37643a8820cc1d0019ec) Importer(815301076,1909f56bfc062723c751e8b465ee728b) (PreviewImporter) -> (artifact id: '005a5b67215f32e88265cf8e91613c93') in 0.0264431 seconds
Number of updated asset objects reloaded before import = 0Number of asset objects unloaded after import = 60

========================================================================
Received Import Request.
  Time since last request: 0.992074 seconds.
  path: Assets/CustomizableCharacters/Common/Source files/Hair/Mesh_Hair_Female_2.fbx
  artifactKey: Guid(cb3314f1a9750f0478a634d5a267bdc3) Importer(815301076,1909f56bfc062723c751e8b465ee728b)
Start importing Assets/CustomizableCharacters/Common/Source files/Hair/Mesh_Hair_Female_2.fbx using Guid(cb3314f1a9750f0478a634d5a267bdc3) Importer(815301076,1909f56bfc062723c751e8b465ee728b) (PreviewImporter) -> (artifact id: '645fbbb94ff416bafb4af9116c517e54') in 0.0552454 seconds
Number of updated asset objects reloaded before import = 0Number of asset objects unloaded after import = 7

========================================================================
Received Import Request.
  Time since last request: 0.000030 seconds.
  path: Assets/CustomizableCharacters/Common/Source files/Hair/Mesh_Hair_Female_5.fbx
  artifactKey: Guid(3eda2be9e463aa1498458c54f3f3e3db) Importer(815301076,1909f56bfc062723c751e8b465ee728b)
Start importing Assets/CustomizableCharacters/Common/Source files/Hair/Mesh_Hair_Female_5.fbx using Guid(3eda2be9e463aa1498458c54f3f3e3db) Importer(815301076,1909f56bfc062723c751e8b465ee728b) (PreviewImporter) -> (artifact id: '5e4a1f213c57f2329f14e9dc17b6a392') in 0.0268609 seconds
Number of updated asset objects reloaded before import = 0Number of asset objects unloaded after import = 7

========================================================================
Received Import Request.
  Time since last request: 0.000020 seconds.
  path: Assets/CustomizableCharacters/Common/Source files/Hair/Mesh_Hair_Male_7.fbx
  artifactKey: Guid(0ff547e3aa827284292c158b17617651) Importer(815301076,1909f56bfc062723c751e8b465ee728b)
Start importing Assets/CustomizableCharacters/Common/Source files/Hair/Mesh_Hair_Male_7.fbx using Guid(0ff547e3aa827284292c158b17617651) Importer(815301076,1909f56bfc062723c751e8b465ee728b) (PreviewImporter) -> (artifact id: '1e74cb077f642cc9e61e570e50e17e26') in 0.0218485 seconds
Number of updated asset objects reloaded before import = 0Number of asset objects unloaded after import = 7

========================================================================
Received Import Request.
  Time since last request: 0.000030 seconds.
  path: Assets/CustomizableCharacters/Common/Source files/Hair/Mesh_Hair_Male_3.fbx
  artifactKey: Guid(e1ffeafd798f0c4448336cc779f2595a) Importer(815301076,1909f56bfc062723c751e8b465ee728b)
Start importing Assets/CustomizableCharacters/Common/Source files/Hair/Mesh_Hair_Male_3.fbx using Guid(e1ffeafd798f0c4448336cc779f2595a) Importer(815301076,1909f56bfc062723c751e8b465ee728b) (PreviewImporter) -> (artifact id: '0c7e58036ee5dead7d5e281396b0bfb7') in 0.0224008 seconds
Number of updated asset objects reloaded before import = 0Number of asset objects unloaded after import = 7

========================================================================
Received Import Request.
  Time since last request: 0.441941 seconds.
  path: Assets/CustomizableCharacters/Common/Source files/Materials/Mat_Eyes.mat
  artifactKey: Guid(b830e22eaddc22340a653256b29fff64) Importer(815301076,1909f56bfc062723c751e8b465ee728b)
Start importing Assets/CustomizableCharacters/Common/Source files/Materials/Mat_Eyes.mat using Guid(b830e22eaddc22340a653256b29fff64) Importer(815301076,1909f56bfc062723c751e8b465ee728b) (PreviewImporter) -> (artifact id: '9b8237def5f8469f4119819f7c0e713e') in 0.0388094 seconds
Number of updated asset objects reloaded before import = 0Number of asset objects unloaded after import = 1

Editor requested this worker to shutdown with reason: Scaling down because of idle timeout
AssetImportWorker is now disconnected from the server
Process exiting
Exiting without the bug reporter. Application will terminate with return code 0