Using pre-set license
Built from '6000.0/staging' branch; Version is '6000.0.24f1 (11fa355cd605) revision 1178165'; Using compiler version '193933523'; Build Type 'Release'
OS: 'Windows 11  (10.0.22631) 64bit Professional' Language: 'lv' Physical Memory: 16318 MB
BatchMode: 1, IsHumanControllingUs: 0, StartBugReporterOnCrash: 0, Is64bit: 1, IsPro: 1

COMMAND LINE ARGUMENTS:
C:\Program Files\Unity\Hub\Editor\6000.0.24f1\Editor\Unity.exe
-adb2
-batchMode
-noUpm
-name
AssetImportWorker2
-projectPath
C:/Users/user/Desktop/HokejaSpele
-logFile
Logs/AssetImportWorker2.log
-srvPort
50144
-job-worker-count
5
-background-job-worker-count
8
-asset-garbage-collectors
1
Successfully changed project path to: C:/Users/user/Desktop/HokejaSpele
C:/Users/user/Desktop/HokejaSpele
[UnityMemory] Configuration Parameters - Can be set up in boot.config
    "memorysetup-bucket-allocator-granularity=16"
    "memorysetup-bucket-allocator-bucket-count=8"
    "memorysetup-bucket-allocator-block-size=33554432"
    "memorysetup-bucket-allocator-block-count=8"
    "memorysetup-main-allocator-block-size=16777216"
    "memorysetup-thread-allocator-block-size=16777216"
    "memorysetup-gfx-main-allocator-block-size=16777216"
    "memorysetup-gfx-thread-allocator-block-size=16777216"
    "memorysetup-cache-allocator-block-size=4194304"
    "memorysetup-typetree-allocator-block-size=2097152"
    "memorysetup-profiler-bucket-allocator-granularity=16"
    "memorysetup-profiler-bucket-allocator-bucket-count=8"
    "memorysetup-profiler-bucket-allocator-block-size=33554432"
    "memorysetup-profiler-bucket-allocator-block-count=8"
    "memorysetup-profiler-allocator-block-size=16777216"
    "memorysetup-profiler-editor-allocator-block-size=1048576"
    "memorysetup-temp-allocator-size-main=16777216"
    "memorysetup-job-temp-allocator-block-size=2097152"
    "memorysetup-job-temp-allocator-block-size-background=1048576"
    "memorysetup-job-temp-allocator-reduction-small-platforms=262144"
    "memorysetup-allocator-temp-initial-block-size-main=262144"
    "memorysetup-allocator-temp-initial-block-size-worker=262144"
    "memorysetup-temp-allocator-size-background-worker=32768"
    "memorysetup-temp-allocator-size-job-worker=262144"
    "memorysetup-temp-allocator-size-preload-manager=33554432"
    "memorysetup-temp-allocator-size-nav-mesh-worker=65536"
    "memorysetup-temp-allocator-size-audio-worker=65536"
    "memorysetup-temp-allocator-size-cloud-worker=32768"
    "memorysetup-temp-allocator-size-gi-baking-worker=262144"
    "memorysetup-temp-allocator-size-gi-baking-worker=262144"
    "memorysetup-temp-allocator-size-gi-baking-worker=262144"
    "memorysetup-temp-allocator-size-gi-baking-worker=262144"
    "memorysetup-temp-allocator-size-gi-baking-worker=262144"
    "memorysetup-temp-allocator-size-gfx=262144"
Player connection [21068]  Target information:

Player connection [21068]  * "[IP] 25.48.63.229 [Port] 0 [Flags] 2 [Guid] 1979966503 [EditorId] 1979966503 [Version] 1048832 [Id] WindowsEditor(7,DESKTOP-RMGSU0G) [Debug] 1 [PackageName] WindowsEditor [ProjectName] Editor" 

Player connection [21068]  * "[IP] 192.168.0.103 [Port] 0 [Flags] 2 [Guid] 1979966503 [EditorId] 1979966503 [Version] 1048832 [Id] WindowsEditor(7,DESKTOP-RMGSU0G) [Debug] 1 [PackageName] WindowsEditor [ProjectName] Editor" 

Player connection [21068]  * "[IP] 10.147.19.93 [Port] 0 [Flags] 2 [Guid] 1979966503 [EditorId] 1979966503 [Version] 1048832 [Id] WindowsEditor(7,DESKTOP-RMGSU0G) [Debug] 1 [PackageName] WindowsEditor [ProjectName] Editor" 

Player connection [21068]  * "[IP] 172.24.148.111 [Port] 0 [Flags] 2 [Guid] 1979966503 [EditorId] 1979966503 [Version] 1048832 [Id] WindowsEditor(7,DESKTOP-RMGSU0G) [Debug] 1 [PackageName] WindowsEditor [ProjectName] Editor" 

Player connection [21068] Host joined multi-casting on [225.0.0.222:54997]...
Player connection [21068] Host joined alternative multi-casting on [225.0.0.222:34997]...
JobSystem: Creating JobQueue using job-worker-count value 5
[Physics::Module] Initialized fallback backend.
[Physics::Module] Id: 0xdecafbad
Library Redirect Path: Library/
[Physics::Module] Selected backend.
[Physics::Module] Name: PhysX
[Physics::Module] Id: 0xf2b8ea05
[Physics::Module] SDK Version: 4.1.2
[Physics::Module] Integration Version: 1.0.0
[Physics::Module] Threading Mode: Multi-Threaded
Refreshing native plugins compatible for Editor in 97.01 ms, found 3 plugins.
Preloading 0 native plugins for Editor in 0.00 ms.
Initialize engine version: 6000.0.24f1 (11fa355cd605)
[Subsystems] Discovering subsystems at path C:/Program Files/Unity/Hub/Editor/6000.0.24f1/Editor/Data/Resources/UnitySubsystems
[Subsystems] Discovering subsystems at path C:/Users/user/Desktop/HokejaSpele/Assets
GfxDevice: creating device client; kGfxThreadingModeNonThreaded
Direct3D:
    Version:  Direct3D 11.0 [level 11.1]
    Renderer: NVIDIA GeForce RTX 3060 (ID=0x2504)
    Vendor:   NVIDIA
    VRAM:     12115 MB
    Driver:   32.0.15.6636
Initialize mono
Mono path[0] = 'C:/Program Files/Unity/Hub/Editor/6000.0.24f1/Editor/Data/Managed'
Mono path[1] = 'C:/Program Files/Unity/Hub/Editor/6000.0.24f1/Editor/Data/MonoBleedingEdge/lib/mono/unityjit-win32'
Mono config path = 'C:/Program Files/Unity/Hub/Editor/6000.0.24f1/Editor/Data/MonoBleedingEdge/etc'
Using monoOptions --debugger-agent=transport=dt_socket,embedding=1,server=y,suspend=n,address=127.0.0.1:56132
Begin MonoManager ReloadAssembly
Registering precompiled unity dll's ...
Register platform support module: C:/Program Files/Unity/Hub/Editor/6000.0.24f1/Editor/Data/PlaybackEngines/WebGLSupport/UnityEditor.WebGL.Extensions.dll
Register platform support module: C:/Program Files/Unity/Hub/Editor/6000.0.24f1/Editor/Data/PlaybackEngines/WindowsStandaloneSupport/UnityEditor.WindowsStandalone.Extensions.dll
Registered in 0.465331 seconds.
- Loaded All Assemblies, in  9.874 seconds
Native extension for WindowsStandalone target not found
Native extension for WebGL target not found
Mono: successfully reloaded assembly
- Finished resetting the current domain, in  0.372 seconds
Domain Reload Profiling: 10243ms
	BeginReloadAssembly (7722ms)
		ExecutionOrderSort (0ms)
		DisableScriptedObjects (0ms)
		BackupInstance (0ms)
		ReleaseScriptingObjects (0ms)
		CreateAndSetChildDomain (1ms)
	RebuildCommonClasses (514ms)
	RebuildNativeTypeToScriptingClass (14ms)
	initialDomainReloadingComplete (517ms)
	LoadAllAssembliesAndSetupDomain (1103ms)
		LoadAssemblies (7719ms)
		RebuildTransferFunctionScriptingTraits (0ms)
		AnalyzeDomain (1099ms)
			TypeCache.Refresh (1098ms)
				TypeCache.ScanAssembly (834ms)
			BuildScriptInfoCaches (0ms)
			ResolveRequiredComponents (1ms)
	FinalizeReload (373ms)
		ReleaseScriptCaches (0ms)
		RebuildScriptCaches (0ms)
		SetupLoadedEditorAssemblies (328ms)
			LogAssemblyErrors (0ms)
			InitializePlatformSupportModulesInManaged (32ms)
			SetLoadedEditorAssemblies (6ms)
			BeforeProcessingInitializeOnLoad (7ms)
			ProcessInitializeOnLoadAttributes (200ms)
			ProcessInitializeOnLoadMethodAttributes (79ms)
			AfterProcessingInitializeOnLoad (4ms)
			EditorAssembliesLoaded (0ms)
		ExecutionOrderSort2 (0ms)
		AwakeInstancesAfterBackupRestoration (0ms)
========================================================================
Worker process is ready to serve import requests
Import Worker Mode flag is 0x00
Begin MonoManager ReloadAssembly
- Loaded All Assemblies, in  6.372 seconds
Refreshing native plugins compatible for Editor in 1.36 ms, found 3 plugins.
Native extension for WindowsStandalone target not found
Native extension for WebGL target not found
Mono: successfully reloaded assembly
- Finished resetting the current domain, in  0.909 seconds
Domain Reload Profiling: 7275ms
	BeginReloadAssembly (534ms)
		ExecutionOrderSort (0ms)
		DisableScriptedObjects (6ms)
		BackupInstance (0ms)
		ReleaseScriptingObjects (0ms)
		CreateAndSetChildDomain (30ms)
	RebuildCommonClasses (41ms)
	RebuildNativeTypeToScriptingClass (13ms)
	initialDomainReloadingComplete (41ms)
	LoadAllAssembliesAndSetupDomain (5736ms)
		LoadAssemblies (4990ms)
		RebuildTransferFunctionScriptingTraits (0ms)
		AnalyzeDomain (867ms)
			TypeCache.Refresh (816ms)
				TypeCache.ScanAssembly (755ms)
			BuildScriptInfoCaches (42ms)
			ResolveRequiredComponents (5ms)
	FinalizeReload (910ms)
		ReleaseScriptCaches (0ms)
		RebuildScriptCaches (0ms)
		SetupLoadedEditorAssemblies (700ms)
			LogAssemblyErrors (0ms)
			InitializePlatformSupportModulesInManaged (3ms)
			SetLoadedEditorAssemblies (7ms)
			BeforeProcessingInitializeOnLoad (112ms)
			ProcessInitializeOnLoadAttributes (541ms)
			ProcessInitializeOnLoadMethodAttributes (24ms)
			AfterProcessingInitializeOnLoad (13ms)
			EditorAssembliesLoaded (0ms)
		ExecutionOrderSort2 (0ms)
		AwakeInstancesAfterBackupRestoration (12ms)
Launched and connected shader compiler UnityShaderCompiler.exe after 0.04 seconds
Refreshing native plugins compatible for Editor in 1.69 ms, found 3 plugins.
Preloading 0 native plugins for Editor in 0.00 ms.
Unloading 10 Unused Serialized files (Serialized files now loaded: 0)
Unloading 3677 unused Assets / (1.4 MB). Loaded Objects now: 4267.
Memory consumption went from 109.4 MB to 108.0 MB.
Total: 6.959600 ms (FindLiveObjects: 0.445800 ms CreateObjectMapping: 0.177000 ms MarkObjects: 4.884800 ms  DeleteObjects: 1.449900 ms)

========================================================================
Received Import Request.
  Time since last request: 742.148500 seconds.
  path: Assets/IceHockey/Source files
  artifactKey: Guid(e35621a620584124d9cc30e0933d64dd) Importer(815301076,1909f56bfc062723c751e8b465ee728b)
Start importing Assets/IceHockey/Source files using Guid(e35621a620584124d9cc30e0933d64dd) Importer(815301076,1909f56bfc062723c751e8b465ee728b) (PreviewImporter) -> (artifact id: '83c72760f262de2b5327915ebe95b97b') in 0.0050834 seconds
Number of updated asset objects reloaded before import = 0Number of asset objects unloaded after import = 0

========================================================================
Received Import Request.
  Time since last request: 1.228741 seconds.
  path: Assets/IceHockey/Source files/Helmet
  artifactKey: Guid(4768c0ee8920aaf4690b93942f728829) Importer(815301076,1909f56bfc062723c751e8b465ee728b)
Start importing Assets/IceHockey/Source files/Helmet using Guid(4768c0ee8920aaf4690b93942f728829) Importer(815301076,1909f56bfc062723c751e8b465ee728b) (PreviewImporter) -> (artifact id: '2066b763ca56b9a6779ea110a10e7937') in 0.0007624 seconds
Number of updated asset objects reloaded before import = 0Number of asset objects unloaded after import = 0

========================================================================
Received Import Request.
  Time since last request: 0.042938 seconds.
  path: Assets/IceHockey/Source files/Helmet/Mat_Black.mat
  artifactKey: Guid(2817d636ba836ee4d944e07000faf4d3) Importer(815301076,1909f56bfc062723c751e8b465ee728b)
Start importing Assets/IceHockey/Source files/Helmet/Mat_Black.mat using Guid(2817d636ba836ee4d944e07000faf4d3) Importer(815301076,1909f56bfc062723c751e8b465ee728b) (PreviewImporter) -> (artifact id: '3cb27e83a691f2996e5ea812871a0c29') in 0.1409512 seconds
Number of updated asset objects reloaded before import = 0Number of asset objects unloaded after import = 1

========================================================================
Received Import Request.
  Time since last request: 4.038333 seconds.
  path: Assets/IceHockey/Source files/Static
  artifactKey: Guid(9c5fec2c4f9958444a82642d30e06f45) Importer(815301076,1909f56bfc062723c751e8b465ee728b)
Start importing Assets/IceHockey/Source files/Static using Guid(9c5fec2c4f9958444a82642d30e06f45) Importer(815301076,1909f56bfc062723c751e8b465ee728b) (PreviewImporter) -> (artifact id: '51aa7ff5b7b0176f1d8661510f3c5e85') in 0.0008362 seconds
Number of updated asset objects reloaded before import = 0Number of asset objects unloaded after import = 0

========================================================================
Received Import Request.
  Time since last request: 1.198816 seconds.
  path: Assets/IceHockey/Source files/Static/Models
  artifactKey: Guid(10abd1d54abeda64a854a046a2ddb417) Importer(815301076,1909f56bfc062723c751e8b465ee728b)
Start importing Assets/IceHockey/Source files/Static/Models using Guid(10abd1d54abeda64a854a046a2ddb417) Importer(815301076,1909f56bfc062723c751e8b465ee728b) (PreviewImporter) -> (artifact id: '43376833860adca6ba389208de24e5fd') in 0.0008907 seconds
Number of updated asset objects reloaded before import = 0Number of asset objects unloaded after import = 0

========================================================================
Received Import Request.
  Time since last request: 0.055996 seconds.
  path: Assets/IceHockey/Source files/Static/Models/Mesh_Net.obj
  artifactKey: Guid(c9128334b468ecf40addf265186737cc) Importer(815301076,1909f56bfc062723c751e8b465ee728b)
Start importing Assets/IceHockey/Source files/Static/Models/Mesh_Net.obj using Guid(c9128334b468ecf40addf265186737cc) Importer(815301076,1909f56bfc062723c751e8b465ee728b) (PreviewImporter) -> (artifact id: '6186641d9433cb386ae7f600def9465c') in 0.0695505 seconds
Number of updated asset objects reloaded before import = 0Number of asset objects unloaded after import = 11

========================================================================
Received Import Request.
  Time since last request: 15.098445 seconds.
  path: Assets/IceHockey/Source files/Static/Materials
  artifactKey: Guid(0cde060adfa12dc449173d8e4b590299) Importer(815301076,1909f56bfc062723c751e8b465ee728b)
Start importing Assets/IceHockey/Source files/Static/Materials using Guid(0cde060adfa12dc449173d8e4b590299) Importer(815301076,1909f56bfc062723c751e8b465ee728b) (PreviewImporter) -> (artifact id: '15de21f0c0896310456c6601f38c84a7') in 0.0006578 seconds
Number of updated asset objects reloaded before import = 0Number of asset objects unloaded after import = 0

========================================================================
Received Import Request.
  Time since last request: 0.051212 seconds.
  path: Assets/IceHockey/Source files/Static/Materials/Mat_Black.mat
  artifactKey: Guid(9b428864225ab2c49be11edee3c79da2) Importer(815301076,1909f56bfc062723c751e8b465ee728b)
Start importing Assets/IceHockey/Source files/Static/Materials/Mat_Black.mat using Guid(9b428864225ab2c49be11edee3c79da2) Importer(815301076,1909f56bfc062723c751e8b465ee728b) (PreviewImporter) -> (artifact id: 'a7efe24e54218cd3108468e8b429e71f') in 0.0141378 seconds
Number of updated asset objects reloaded before import = 0Number of asset objects unloaded after import = 1

========================================================================
Received Import Request.
  Time since last request: 0.000071 seconds.
  path: Assets/IceHockey/Source files/Static/Materials/Refree_Red.mat
  artifactKey: Guid(541fc7bbb0de7dc43a8f20cc85ffd810) Importer(815301076,1909f56bfc062723c751e8b465ee728b)
Start importing Assets/IceHockey/Source files/Static/Materials/Refree_Red.mat using Guid(541fc7bbb0de7dc43a8f20cc85ffd810) Importer(815301076,1909f56bfc062723c751e8b465ee728b) (PreviewImporter) -> (artifact id: '2a56d9bfa440d149a65e3c8f9cd30804') in 0.0279697 seconds
Number of updated asset objects reloaded before import = 0Number of asset objects unloaded after import = 2

========================================================================
Received Import Request.
  Time since last request: 0.000025 seconds.
  path: Assets/IceHockey/Source files/Static/Materials/Mat_TrophyWood.mat
  artifactKey: Guid(f139c979764cc9248aabdb621da0a4a8) Importer(815301076,1909f56bfc062723c751e8b465ee728b)
Start importing Assets/IceHockey/Source files/Static/Materials/Mat_TrophyWood.mat using Guid(f139c979764cc9248aabdb621da0a4a8) Importer(815301076,1909f56bfc062723c751e8b465ee728b) (PreviewImporter) -> (artifact id: '2e2ed0f575a56e69f53c4c8103c2c7a5') in 0.0153857 seconds
Number of updated asset objects reloaded before import = 0Number of asset objects unloaded after import = 1

========================================================================
Received Import Request.
  Time since last request: 0.000079 seconds.
  path: Assets/IceHockey/Source files/Static/Materials/Mat_Refree_Red.mat
  artifactKey: Guid(0ef36f7649ab8d04d8a8ec5014405c05) Importer(815301076,1909f56bfc062723c751e8b465ee728b)
Start importing Assets/IceHockey/Source files/Static/Materials/Mat_Refree_Red.mat using Guid(0ef36f7649ab8d04d8a8ec5014405c05) Importer(815301076,1909f56bfc062723c751e8b465ee728b) (PreviewImporter) -> (artifact id: 'f5dbbf28b0d27135ab0da0dce5a7df6a') in 0.0165934 seconds
Number of updated asset objects reloaded before import = 0Number of asset objects unloaded after import = 2

========================================================================
Received Import Request.
  Time since last request: 1.658786 seconds.
  path: Assets/IceHockey/Source files/Static/Textures
  artifactKey: Guid(aaaaac7ab6c1042409e59b15a625aeca) Importer(815301076,1909f56bfc062723c751e8b465ee728b)
Start importing Assets/IceHockey/Source files/Static/Textures using Guid(aaaaac7ab6c1042409e59b15a625aeca) Importer(815301076,1909f56bfc062723c751e8b465ee728b) (PreviewImporter) -> (artifact id: 'c02b4148a38e4b37c913475817fe8ce8') in 0.0009309 seconds
Number of updated asset objects reloaded before import = 0Number of asset objects unloaded after import = 0

========================================================================
Received Import Request.
  Time since last request: 0.053375 seconds.
  path: Assets/IceHockey/Source files/Static/Textures/NetTexture.png
  artifactKey: Guid(825ea888e42fd764fbe9fa33816bfeff) Importer(815301076,1909f56bfc062723c751e8b465ee728b)
Start importing Assets/IceHockey/Source files/Static/Textures/NetTexture.png using Guid(825ea888e42fd764fbe9fa33816bfeff) Importer(815301076,1909f56bfc062723c751e8b465ee728b) (PreviewImporter) -> (artifact id: 'dc4cee7f6445d7c04063a0dce8fe5e16') in 0.0283634 seconds
Number of updated asset objects reloaded before import = 0Number of asset objects unloaded after import = 2

Editor requested this worker to shutdown with reason: Scaling down because of idle timeout
AssetImportWorker is now disconnected from the server
Process exiting
Exiting without the bug reporter. Application will terminate with return code 0