Using pre-set license
Built from '6000.0/staging' branch; Version is '6000.0.24f1 (11fa355cd605) revision 1178165'; Using compiler version '193933523'; Build Type 'Release'
OS: 'Windows 11  (10.0.22631) 64bit Professional' Language: 'lv' Physical Memory: 16318 MB
BatchMode: 1, IsHumanControllingUs: 0, StartBugReporterOnCrash: 0, Is64bit: 1, IsPro: 1

COMMAND LINE ARGUMENTS:
C:\Program Files\Unity\Hub\Editor\6000.0.24f1\Editor\Unity.exe
-adb2
-batchMode
-noUpm
-name
AssetImportWorker4
-projectPath
C:/Users/user/Desktop/HokejaSpele
-logFile
Logs/AssetImportWorker4.log
-srvPort
50425
-job-worker-count
5
-background-job-worker-count
8
-asset-garbage-collectors
1
Successfully changed project path to: C:/Users/user/Desktop/HokejaSpele
C:/Users/user/Desktop/HokejaSpele
[UnityMemory] Configuration Parameters - Can be set up in boot.config
    "memorysetup-bucket-allocator-granularity=16"
    "memorysetup-bucket-allocator-bucket-count=8"
    "memorysetup-bucket-allocator-block-size=33554432"
    "memorysetup-bucket-allocator-block-count=8"
    "memorysetup-main-allocator-block-size=16777216"
    "memorysetup-thread-allocator-block-size=16777216"
    "memorysetup-gfx-main-allocator-block-size=16777216"
    "memorysetup-gfx-thread-allocator-block-size=16777216"
    "memorysetup-cache-allocator-block-size=4194304"
    "memorysetup-typetree-allocator-block-size=2097152"
    "memorysetup-profiler-bucket-allocator-granularity=16"
    "memorysetup-profiler-bucket-allocator-bucket-count=8"
    "memorysetup-profiler-bucket-allocator-block-size=33554432"
    "memorysetup-profiler-bucket-allocator-block-count=8"
    "memorysetup-profiler-allocator-block-size=16777216"
    "memorysetup-profiler-editor-allocator-block-size=1048576"
    "memorysetup-temp-allocator-size-main=16777216"
    "memorysetup-job-temp-allocator-block-size=2097152"
    "memorysetup-job-temp-allocator-block-size-background=1048576"
    "memorysetup-job-temp-allocator-reduction-small-platforms=262144"
    "memorysetup-allocator-temp-initial-block-size-main=262144"
    "memorysetup-allocator-temp-initial-block-size-worker=262144"
    "memorysetup-temp-allocator-size-background-worker=32768"
    "memorysetup-temp-allocator-size-job-worker=262144"
    "memorysetup-temp-allocator-size-preload-manager=33554432"
    "memorysetup-temp-allocator-size-nav-mesh-worker=65536"
    "memorysetup-temp-allocator-size-audio-worker=65536"
    "memorysetup-temp-allocator-size-cloud-worker=32768"
    "memorysetup-temp-allocator-size-gi-baking-worker=262144"
    "memorysetup-temp-allocator-size-gi-baking-worker=262144"
    "memorysetup-temp-allocator-size-gi-baking-worker=262144"
    "memorysetup-temp-allocator-size-gi-baking-worker=262144"
    "memorysetup-temp-allocator-size-gi-baking-worker=262144"
    "memorysetup-temp-allocator-size-gfx=262144"
Player connection [12208]  Target information:

Player connection [12208]  * "[IP] 25.48.63.229 [Port] 0 [Flags] 2 [Guid] 3793433263 [EditorId] 3793433263 [Version] 1048832 [Id] WindowsEditor(7,DESKTOP-RMGSU0G) [Debug] 1 [PackageName] WindowsEditor [ProjectName] Editor" 

Player connection [12208]  * "[IP] 192.168.0.103 [Port] 0 [Flags] 2 [Guid] 3793433263 [EditorId] 3793433263 [Version] 1048832 [Id] WindowsEditor(7,DESKTOP-RMGSU0G) [Debug] 1 [PackageName] WindowsEditor [ProjectName] Editor" 

Player connection [12208]  * "[IP] 10.147.19.93 [Port] 0 [Flags] 2 [Guid] 3793433263 [EditorId] 3793433263 [Version] 1048832 [Id] WindowsEditor(7,DESKTOP-RMGSU0G) [Debug] 1 [PackageName] WindowsEditor [ProjectName] Editor" 

Player connection [12208]  * "[IP] 172.24.148.111 [Port] 0 [Flags] 2 [Guid] 3793433263 [EditorId] 3793433263 [Version] 1048832 [Id] WindowsEditor(7,DESKTOP-RMGSU0G) [Debug] 1 [PackageName] WindowsEditor [ProjectName] Editor" 

Player connection [12208] Host joined multi-casting on [225.0.0.222:54997]...
Player connection [12208] Host joined alternative multi-casting on [225.0.0.222:34997]...
JobSystem: Creating JobQueue using job-worker-count value 5
[Physics::Module] Initialized fallback backend.
[Physics::Module] Id: 0xdecafbad
Library Redirect Path: Library/
[Physics::Module] Selected backend.
[Physics::Module] Name: PhysX
[Physics::Module] Id: 0xf2b8ea05
[Physics::Module] SDK Version: 4.1.2
[Physics::Module] Integration Version: 1.0.0
[Physics::Module] Threading Mode: Multi-Threaded
Refreshing native plugins compatible for Editor in 4.46 ms, found 4 plugins.
Preloading 0 native plugins for Editor in 0.00 ms.
Initialize engine version: 6000.0.24f1 (11fa355cd605)
[Subsystems] Discovering subsystems at path C:/Program Files/Unity/Hub/Editor/6000.0.24f1/Editor/Data/Resources/UnitySubsystems
[Subsystems] Discovering subsystems at path C:/Users/user/Desktop/HokejaSpele/Assets
GfxDevice: creating device client; kGfxThreadingModeNonThreaded
Direct3D:
    Version:  Direct3D 11.0 [level 11.1]
    Renderer: NVIDIA GeForce RTX 3060 (ID=0x2504)
    Vendor:   NVIDIA
    VRAM:     12115 MB
    Driver:   32.0.15.6636
Initialize mono
Mono path[0] = 'C:/Program Files/Unity/Hub/Editor/6000.0.24f1/Editor/Data/Managed'
Mono path[1] = 'C:/Program Files/Unity/Hub/Editor/6000.0.24f1/Editor/Data/MonoBleedingEdge/lib/mono/unityjit-win32'
Mono config path = 'C:/Program Files/Unity/Hub/Editor/6000.0.24f1/Editor/Data/MonoBleedingEdge/etc'
Using monoOptions --debugger-agent=transport=dt_socket,embedding=1,server=y,suspend=n,address=127.0.0.1:56556
Begin MonoManager ReloadAssembly
Registering precompiled unity dll's ...
Register platform support module: C:/Program Files/Unity/Hub/Editor/6000.0.24f1/Editor/Data/PlaybackEngines/WebGLSupport/UnityEditor.WebGL.Extensions.dll
Register platform support module: C:/Program Files/Unity/Hub/Editor/6000.0.24f1/Editor/Data/PlaybackEngines/WindowsStandaloneSupport/UnityEditor.WindowsStandalone.Extensions.dll
Registered in 0.006228 seconds.
- Loaded All Assemblies, in  0.447 seconds
Native extension for WindowsStandalone target not found
Native extension for WebGL target not found
Mono: successfully reloaded assembly
- Finished resetting the current domain, in  0.420 seconds
Domain Reload Profiling: 863ms
	BeginReloadAssembly (156ms)
		ExecutionOrderSort (0ms)
		DisableScriptedObjects (0ms)
		BackupInstance (0ms)
		ReleaseScriptingObjects (0ms)
		CreateAndSetChildDomain (1ms)
	RebuildCommonClasses (40ms)
	RebuildNativeTypeToScriptingClass (13ms)
	initialDomainReloadingComplete (58ms)
	LoadAllAssembliesAndSetupDomain (175ms)
		LoadAssemblies (152ms)
		RebuildTransferFunctionScriptingTraits (0ms)
		AnalyzeDomain (171ms)
			TypeCache.Refresh (169ms)
				TypeCache.ScanAssembly (155ms)
			BuildScriptInfoCaches (0ms)
			ResolveRequiredComponents (1ms)
	FinalizeReload (420ms)
		ReleaseScriptCaches (0ms)
		RebuildScriptCaches (0ms)
		SetupLoadedEditorAssemblies (370ms)
			LogAssemblyErrors (0ms)
			InitializePlatformSupportModulesInManaged (34ms)
			SetLoadedEditorAssemblies (7ms)
			BeforeProcessingInitializeOnLoad (9ms)
			ProcessInitializeOnLoadAttributes (214ms)
			ProcessInitializeOnLoadMethodAttributes (101ms)
			AfterProcessingInitializeOnLoad (4ms)
			EditorAssembliesLoaded (0ms)
		ExecutionOrderSort2 (0ms)
		AwakeInstancesAfterBackupRestoration (0ms)
========================================================================
Worker process is ready to serve import requests
Import Worker Mode flag is 0x00
Begin MonoManager ReloadAssembly
- Loaded All Assemblies, in  1.186 seconds
Refreshing native plugins compatible for Editor in 2.20 ms, found 4 plugins.
Native extension for WindowsStandalone target not found
Native extension for WebGL target not found
Mono: successfully reloaded assembly
- Finished resetting the current domain, in  0.977 seconds
Domain Reload Profiling: 2156ms
	BeginReloadAssembly (443ms)
		ExecutionOrderSort (0ms)
		DisableScriptedObjects (7ms)
		BackupInstance (0ms)
		ReleaseScriptingObjects (0ms)
		CreateAndSetChildDomain (34ms)
	RebuildCommonClasses (40ms)
	RebuildNativeTypeToScriptingClass (13ms)
	initialDomainReloadingComplete (46ms)
	LoadAllAssembliesAndSetupDomain (636ms)
		LoadAssemblies (477ms)
		RebuildTransferFunctionScriptingTraits (0ms)
		AnalyzeDomain (280ms)
			TypeCache.Refresh (209ms)
				TypeCache.ScanAssembly (193ms)
			BuildScriptInfoCaches (62ms)
			ResolveRequiredComponents (6ms)
	FinalizeReload (978ms)
		ReleaseScriptCaches (0ms)
		RebuildScriptCaches (0ms)
		SetupLoadedEditorAssemblies (774ms)
			LogAssemblyErrors (0ms)
			InitializePlatformSupportModulesInManaged (3ms)
			SetLoadedEditorAssemblies (8ms)
			BeforeProcessingInitializeOnLoad (156ms)
			ProcessInitializeOnLoadAttributes (553ms)
			ProcessInitializeOnLoadMethodAttributes (41ms)
			AfterProcessingInitializeOnLoad (13ms)
			EditorAssembliesLoaded (0ms)
		ExecutionOrderSort2 (0ms)
		AwakeInstancesAfterBackupRestoration (12ms)
Launched and connected shader compiler UnityShaderCompiler.exe after 0.01 seconds
Refreshing native plugins compatible for Editor in 2.36 ms, found 4 plugins.
Preloading 0 native plugins for Editor in 0.00 ms.
Unloading 32 Unused Serialized files (Serialized files now loaded: 0)
Unloading 4843 unused Assets / (1.3 MB). Loaded Objects now: 5455.
Memory consumption went from 124.2 MB to 122.8 MB.
Total: 7.326000 ms (FindLiveObjects: 0.570700 ms CreateObjectMapping: 0.244000 ms MarkObjects: 5.103400 ms  DeleteObjects: 1.406100 ms)

========================================================================
Received Import Request.
  Time since last request: 17306.273187 seconds.
  path: Assets/CustomizableCharacters/Common/Source files
  artifactKey: Guid(9df38ac993867d94d9a613fad09d243a) Importer(815301076,1909f56bfc062723c751e8b465ee728b)
Start importing Assets/CustomizableCharacters/Common/Source files using Guid(9df38ac993867d94d9a613fad09d243a) Importer(815301076,1909f56bfc062723c751e8b465ee728b) (PreviewImporter) -> (artifact id: '3da9305b084fbcb75e74399bd8835931') in 0.0049193 seconds
Number of updated asset objects reloaded before import = 0Number of asset objects unloaded after import = 0

========================================================================
Received Import Request.
  Time since last request: 0.973727 seconds.
  path: Assets/CustomizableCharacters/Common/Source files/Scripts
  artifactKey: Guid(a28ec4b21c53b6142901f77a7845dacc) Importer(815301076,1909f56bfc062723c751e8b465ee728b)
Start importing Assets/CustomizableCharacters/Common/Source files/Scripts using Guid(a28ec4b21c53b6142901f77a7845dacc) Importer(815301076,1909f56bfc062723c751e8b465ee728b) (PreviewImporter) -> (artifact id: 'a3292fe137b7fb5eb14be69968d17bd6') in 0.0006375 seconds
Number of updated asset objects reloaded before import = 0Number of asset objects unloaded after import = 0

========================================================================
Received Import Request.
  Time since last request: 0.909921 seconds.
  path: Assets/CustomizableCharacters/Common/Source files/Scripts/TransformDeepChildExtension.cs
  artifactKey: Guid(8dd7c539e7091484b80e11b417c177fe) Importer(815301076,1909f56bfc062723c751e8b465ee728b)
Start importing Assets/CustomizableCharacters/Common/Source files/Scripts/TransformDeepChildExtension.cs using Guid(8dd7c539e7091484b80e11b417c177fe) Importer(815301076,1909f56bfc062723c751e8b465ee728b) (PreviewImporter) -> (artifact id: 'b8a7f45f9790fb727bcae3f66152713d') in 0.0006149 seconds
Number of updated asset objects reloaded before import = 0Number of asset objects unloaded after import = 0

========================================================================
Received Import Request.
  Time since last request: 0.802755 seconds.
  path: Assets/CustomizableCharacters/Common/Source files/Scripts/ColorChanger.cs
  artifactKey: Guid(b2f80ac33ac438042a63b03ccfdf008b) Importer(815301076,1909f56bfc062723c751e8b465ee728b)
Start importing Assets/CustomizableCharacters/Common/Source files/Scripts/ColorChanger.cs using Guid(b2f80ac33ac438042a63b03ccfdf008b) Importer(815301076,1909f56bfc062723c751e8b465ee728b) (PreviewImporter) -> (artifact id: 'e69bb5def9b87a2e0645f6d40e07e955') in 0.0006372 seconds
Number of updated asset objects reloaded before import = 0Number of asset objects unloaded after import = 0

========================================================================
Received Import Request.
  Time since last request: 39.424202 seconds.
  path: Assets/IceHockey/Resources/CustomizableCharacters/Equipment
  artifactKey: Guid(bc252fe28636a6848a7f6f70114fab55) Importer(815301076,1909f56bfc062723c751e8b465ee728b)
Start importing Assets/IceHockey/Resources/CustomizableCharacters/Equipment using Guid(bc252fe28636a6848a7f6f70114fab55) Importer(815301076,1909f56bfc062723c751e8b465ee728b) (PreviewImporter) -> (artifact id: 'd34ec7a431e26998e585cae757915561') in 0.0005013 seconds
Number of updated asset objects reloaded before import = 0Number of asset objects unloaded after import = 0

========================================================================
Received Import Request.
  Time since last request: 0.488149 seconds.
  path: Assets/IceHockey/Resources/CustomizableCharacters/HockeyNumbers
  artifactKey: Guid(f2e4581c905b5bf4a8a3bcff75fe550d) Importer(815301076,1909f56bfc062723c751e8b465ee728b)
Start importing Assets/IceHockey/Resources/CustomizableCharacters/HockeyNumbers using Guid(f2e4581c905b5bf4a8a3bcff75fe550d) Importer(815301076,1909f56bfc062723c751e8b465ee728b) (PreviewImporter) -> (artifact id: '287efdc72b507d18d9eb60cb946b60af') in 0.0006885 seconds
Number of updated asset objects reloaded before import = 0Number of asset objects unloaded after import = 0

========================================================================
Received Import Request.
  Time since last request: 1.337426 seconds.
  path: Assets/IceHockey/Resources/CustomizableCharacters/HockeyNumbers/1.png
  artifactKey: Guid(07430d0e3a4890648ba3389959ab3783) Importer(815301076,1909f56bfc062723c751e8b465ee728b)
Start importing Assets/IceHockey/Resources/CustomizableCharacters/HockeyNumbers/1.png using Guid(07430d0e3a4890648ba3389959ab3783) Importer(815301076,1909f56bfc062723c751e8b465ee728b) (PreviewImporter) -> (artifact id: 'd0567c3f1c33214dabab35fa3197b189') in 0.090961 seconds
Number of updated asset objects reloaded before import = 0Number of asset objects unloaded after import = 3

========================================================================
Received Import Request.
  Time since last request: 0.000033 seconds.
  path: Assets/IceHockey/Resources/CustomizableCharacters/HockeyNumbers/12.png
  artifactKey: Guid(49c1a55ef0eb1d64d887ac44615689a6) Importer(815301076,1909f56bfc062723c751e8b465ee728b)
Start importing Assets/IceHockey/Resources/CustomizableCharacters/HockeyNumbers/12.png using Guid(49c1a55ef0eb1d64d887ac44615689a6) Importer(815301076,1909f56bfc062723c751e8b465ee728b) (PreviewImporter) -> (artifact id: '5a8ed426a6149da689cbac8bf3695dc4') in 0.0169023 seconds
Number of updated asset objects reloaded before import = 0Number of asset objects unloaded after import = 3

========================================================================
Received Import Request.
  Time since last request: 0.000025 seconds.
  path: Assets/IceHockey/Resources/CustomizableCharacters/HockeyNumbers/13.png
  artifactKey: Guid(b0621b7e9d3ec2f4f8f3591d144d9466) Importer(815301076,1909f56bfc062723c751e8b465ee728b)
Start importing Assets/IceHockey/Resources/CustomizableCharacters/HockeyNumbers/13.png using Guid(b0621b7e9d3ec2f4f8f3591d144d9466) Importer(815301076,1909f56bfc062723c751e8b465ee728b) (PreviewImporter) -> (artifact id: '1f7adbdc579043635a02ab6ca0e67252') in 0.0156659 seconds
Number of updated asset objects reloaded before import = 0Number of asset objects unloaded after import = 3

========================================================================
Received Import Request.
  Time since last request: 0.000023 seconds.
  path: Assets/IceHockey/Resources/CustomizableCharacters/HockeyNumbers/17.png
  artifactKey: Guid(8ebf13589df647b428cb8651b5f470ad) Importer(815301076,1909f56bfc062723c751e8b465ee728b)
Start importing Assets/IceHockey/Resources/CustomizableCharacters/HockeyNumbers/17.png using Guid(8ebf13589df647b428cb8651b5f470ad) Importer(815301076,1909f56bfc062723c751e8b465ee728b) (PreviewImporter) -> (artifact id: 'c9bc5ac7609bdfc5e0b877d455e4b4c0') in 0.0159249 seconds
Number of updated asset objects reloaded before import = 0Number of asset objects unloaded after import = 3

========================================================================
Received Import Request.
  Time since last request: 0.006634 seconds.
  path: Assets/IceHockey/Resources/CustomizableCharacters/HockeyNumbers/20.png
  artifactKey: Guid(9e840d96b5c56e94093dfed66097d78d) Importer(815301076,1909f56bfc062723c751e8b465ee728b)
Start importing Assets/IceHockey/Resources/CustomizableCharacters/HockeyNumbers/20.png using Guid(9e840d96b5c56e94093dfed66097d78d) Importer(815301076,1909f56bfc062723c751e8b465ee728b) (PreviewImporter) -> (artifact id: '9dd58a66237abec6d1e79fa6c10a8978') in 0.0180438 seconds
Number of updated asset objects reloaded before import = 0Number of asset objects unloaded after import = 3

========================================================================
Received Import Request.
  Time since last request: 0.006862 seconds.
  path: Assets/IceHockey/Resources/CustomizableCharacters/HockeyNumbers/23.png
  artifactKey: Guid(c9da3537cb654b447bc381d03f3dfc90) Importer(815301076,1909f56bfc062723c751e8b465ee728b)
Start importing Assets/IceHockey/Resources/CustomizableCharacters/HockeyNumbers/23.png using Guid(c9da3537cb654b447bc381d03f3dfc90) Importer(815301076,1909f56bfc062723c751e8b465ee728b) (PreviewImporter) -> (artifact id: '9cbee5f5b8e0f95801c8eff755fd7cb9') in 0.0153721 seconds
Number of updated asset objects reloaded before import = 0Number of asset objects unloaded after import = 3

========================================================================
Received Import Request.
  Time since last request: 0.001705 seconds.
  path: Assets/IceHockey/Resources/CustomizableCharacters/HockeyNumbers/26.png
  artifactKey: Guid(03bf2b5c5ba175e42bb21f4e308ea13a) Importer(815301076,1909f56bfc062723c751e8b465ee728b)
Start importing Assets/IceHockey/Resources/CustomizableCharacters/HockeyNumbers/26.png using Guid(03bf2b5c5ba175e42bb21f4e308ea13a) Importer(815301076,1909f56bfc062723c751e8b465ee728b) (PreviewImporter) -> (artifact id: '2f5e8ef6627bc8d675557ba3c752b28a') in 0.0154429 seconds
Number of updated asset objects reloaded before import = 0Number of asset objects unloaded after import = 3

========================================================================
Received Import Request.
  Time since last request: 0.006277 seconds.
  path: Assets/IceHockey/Resources/CustomizableCharacters/HockeyNumbers/29.png
  artifactKey: Guid(44f510aa59052a644b9145f3268e9c09) Importer(815301076,1909f56bfc062723c751e8b465ee728b)
Start importing Assets/IceHockey/Resources/CustomizableCharacters/HockeyNumbers/29.png using Guid(44f510aa59052a644b9145f3268e9c09) Importer(815301076,1909f56bfc062723c751e8b465ee728b) (PreviewImporter) -> (artifact id: '235d0dd2f4a3e8077fed018e78ec38bd') in 0.0154026 seconds
Number of updated asset objects reloaded before import = 0Number of asset objects unloaded after import = 3

========================================================================
Received Import Request.
  Time since last request: 0.006236 seconds.
  path: Assets/IceHockey/Resources/CustomizableCharacters/HockeyNumbers/32.png
  artifactKey: Guid(48d0bd05295412545ac1e5d42aa12636) Importer(815301076,1909f56bfc062723c751e8b465ee728b)
Start importing Assets/IceHockey/Resources/CustomizableCharacters/HockeyNumbers/32.png using Guid(48d0bd05295412545ac1e5d42aa12636) Importer(815301076,1909f56bfc062723c751e8b465ee728b) (PreviewImporter) -> (artifact id: 'd66a7575dc0a951db51d956b5076fa47') in 0.0157063 seconds
Number of updated asset objects reloaded before import = 0Number of asset objects unloaded after import = 3

========================================================================
Received Import Request.
  Time since last request: 0.008114 seconds.
  path: Assets/IceHockey/Resources/CustomizableCharacters/HockeyNumbers/35.png
  artifactKey: Guid(122fbbe5436663847b86adff2e7ecf31) Importer(815301076,1909f56bfc062723c751e8b465ee728b)
Start importing Assets/IceHockey/Resources/CustomizableCharacters/HockeyNumbers/35.png using Guid(122fbbe5436663847b86adff2e7ecf31) Importer(815301076,1909f56bfc062723c751e8b465ee728b) (PreviewImporter) -> (artifact id: '5f6cc923f5e412057214f45ddfa6d310') in 0.0168586 seconds
Number of updated asset objects reloaded before import = 0Number of asset objects unloaded after import = 3

========================================================================
Received Import Request.
  Time since last request: 0.006322 seconds.
  path: Assets/IceHockey/Resources/CustomizableCharacters/HockeyNumbers/38.png
  artifactKey: Guid(7237790f2c65f834bb653bcfde117d59) Importer(815301076,1909f56bfc062723c751e8b465ee728b)
Start importing Assets/IceHockey/Resources/CustomizableCharacters/HockeyNumbers/38.png using Guid(7237790f2c65f834bb653bcfde117d59) Importer(815301076,1909f56bfc062723c751e8b465ee728b) (PreviewImporter) -> (artifact id: 'c175e5ca90ebff62d70f7e5ff84302e4') in 0.0155586 seconds
Number of updated asset objects reloaded before import = 0Number of asset objects unloaded after import = 3

========================================================================
Received Import Request.
  Time since last request: 0.000179 seconds.
  path: Assets/IceHockey/Resources/CustomizableCharacters/HockeyNumbers/40.png
  artifactKey: Guid(a46b23c7f9cf5d2498d61711ceccfd54) Importer(815301076,1909f56bfc062723c751e8b465ee728b)
Start importing Assets/IceHockey/Resources/CustomizableCharacters/HockeyNumbers/40.png using Guid(a46b23c7f9cf5d2498d61711ceccfd54) Importer(815301076,1909f56bfc062723c751e8b465ee728b) (PreviewImporter) -> (artifact id: 'b7c6809b4aaed11edca5db6821e0203b') in 0.0163634 seconds
Number of updated asset objects reloaded before import = 0Number of asset objects unloaded after import = 3

========================================================================
Received Import Request.
  Time since last request: 0.007149 seconds.
  path: Assets/IceHockey/Resources/CustomizableCharacters/HockeyNumbers/43.png
  artifactKey: Guid(4c0cb1740825c61499682421ab5e4a20) Importer(815301076,1909f56bfc062723c751e8b465ee728b)
Start importing Assets/IceHockey/Resources/CustomizableCharacters/HockeyNumbers/43.png using Guid(4c0cb1740825c61499682421ab5e4a20) Importer(815301076,1909f56bfc062723c751e8b465ee728b) (PreviewImporter) -> (artifact id: '3da42c336b5db4302516387024999eb5') in 0.015814 seconds
Number of updated asset objects reloaded before import = 0Number of asset objects unloaded after import = 3

========================================================================
Received Import Request.
  Time since last request: 0.007071 seconds.
  path: Assets/IceHockey/Resources/CustomizableCharacters/HockeyNumbers/46.png
  artifactKey: Guid(b0c3bb4a383df2045ad3ee23b848c7ea) Importer(815301076,1909f56bfc062723c751e8b465ee728b)
Start importing Assets/IceHockey/Resources/CustomizableCharacters/HockeyNumbers/46.png using Guid(b0c3bb4a383df2045ad3ee23b848c7ea) Importer(815301076,1909f56bfc062723c751e8b465ee728b) (PreviewImporter) -> (artifact id: 'fb438d0f572d49d10125af378e1ac078') in 0.0156349 seconds
Number of updated asset objects reloaded before import = 0Number of asset objects unloaded after import = 3

========================================================================
Received Import Request.
  Time since last request: 0.006475 seconds.
  path: Assets/IceHockey/Resources/CustomizableCharacters/HockeyNumbers/49.png
  artifactKey: Guid(f3924dd50e3096f4da540ce88bf5929e) Importer(815301076,1909f56bfc062723c751e8b465ee728b)
Start importing Assets/IceHockey/Resources/CustomizableCharacters/HockeyNumbers/49.png using Guid(f3924dd50e3096f4da540ce88bf5929e) Importer(815301076,1909f56bfc062723c751e8b465ee728b) (PreviewImporter) -> (artifact id: '18bb5a9891e8a04ea597fe5d24a8a307') in 0.0157004 seconds
Number of updated asset objects reloaded before import = 0Number of asset objects unloaded after import = 3

========================================================================
Received Import Request.
  Time since last request: 0.006800 seconds.
  path: Assets/IceHockey/Resources/CustomizableCharacters/HockeyNumbers/52.png
  artifactKey: Guid(bcb451aaa383530419d342146b89d2a6) Importer(815301076,1909f56bfc062723c751e8b465ee728b)
Start importing Assets/IceHockey/Resources/CustomizableCharacters/HockeyNumbers/52.png using Guid(bcb451aaa383530419d342146b89d2a6) Importer(815301076,1909f56bfc062723c751e8b465ee728b) (PreviewImporter) -> (artifact id: '0c0f2a12434b176761b6216f960b39f2') in 0.017528 seconds
Number of updated asset objects reloaded before import = 0Number of asset objects unloaded after import = 3

========================================================================
Received Import Request.
  Time since last request: 0.006293 seconds.
  path: Assets/IceHockey/Resources/CustomizableCharacters/HockeyNumbers/55.png
  artifactKey: Guid(ca540937f8a4461478439d6cb70fd795) Importer(815301076,1909f56bfc062723c751e8b465ee728b)
Start importing Assets/IceHockey/Resources/CustomizableCharacters/HockeyNumbers/55.png using Guid(ca540937f8a4461478439d6cb70fd795) Importer(815301076,1909f56bfc062723c751e8b465ee728b) (PreviewImporter) -> (artifact id: 'c37b1da17006fb5be672d675d4b0ca12') in 0.0150877 seconds
Number of updated asset objects reloaded before import = 0Number of asset objects unloaded after import = 3

========================================================================
Received Import Request.
  Time since last request: 1.922735 seconds.
  path: Assets/IceHockey/Resources/CustomizableCharacters/HockeyNumbers/58.png
  artifactKey: Guid(fa91a9c4d879add4dab53e198e377354) Importer(815301076,1909f56bfc062723c751e8b465ee728b)
Start importing Assets/IceHockey/Resources/CustomizableCharacters/HockeyNumbers/58.png using Guid(fa91a9c4d879add4dab53e198e377354) Importer(815301076,1909f56bfc062723c751e8b465ee728b) (PreviewImporter) -> (artifact id: '794ad19c9719e9d42be2a8326339e386') in 0.0155388 seconds
Number of updated asset objects reloaded before import = 0Number of asset objects unloaded after import = 3

========================================================================
Received Import Request.
  Time since last request: 0.005210 seconds.
  path: Assets/IceHockey/Resources/CustomizableCharacters/HockeyNumbers/61.png
  artifactKey: Guid(208fe56e7f664ff4fb3d1d3339de7221) Importer(815301076,1909f56bfc062723c751e8b465ee728b)
Start importing Assets/IceHockey/Resources/CustomizableCharacters/HockeyNumbers/61.png using Guid(208fe56e7f664ff4fb3d1d3339de7221) Importer(815301076,1909f56bfc062723c751e8b465ee728b) (PreviewImporter) -> (artifact id: '7d4366696da401d3d1f9adf980283813') in 0.0154208 seconds
Number of updated asset objects reloaded before import = 0Number of asset objects unloaded after import = 3

========================================================================
Received Import Request.
  Time since last request: 0.008145 seconds.
  path: Assets/IceHockey/Resources/CustomizableCharacters/HockeyNumbers/64.png
  artifactKey: Guid(fce68109a00e6b34daaaefd4e161bb3a) Importer(815301076,1909f56bfc062723c751e8b465ee728b)
Start importing Assets/IceHockey/Resources/CustomizableCharacters/HockeyNumbers/64.png using Guid(fce68109a00e6b34daaaefd4e161bb3a) Importer(815301076,1909f56bfc062723c751e8b465ee728b) (PreviewImporter) -> (artifact id: 'a8028d8d99fae76cf54cf298a9542097') in 0.0155595 seconds
Number of updated asset objects reloaded before import = 0Number of asset objects unloaded after import = 3

========================================================================
Received Import Request.
  Time since last request: 0.006793 seconds.
  path: Assets/IceHockey/Resources/CustomizableCharacters/HockeyNumbers/67.png
  artifactKey: Guid(6fe77cfe0222a6a42a761c74e8d1bc16) Importer(815301076,1909f56bfc062723c751e8b465ee728b)
Start importing Assets/IceHockey/Resources/CustomizableCharacters/HockeyNumbers/67.png using Guid(6fe77cfe0222a6a42a761c74e8d1bc16) Importer(815301076,1909f56bfc062723c751e8b465ee728b) (PreviewImporter) -> (artifact id: '041790abcfd4877aaa1556881bbd1fe6') in 0.0156936 seconds
Number of updated asset objects reloaded before import = 0Number of asset objects unloaded after import = 3

========================================================================
Received Import Request.
  Time since last request: 0.006537 seconds.
  path: Assets/IceHockey/Resources/CustomizableCharacters/HockeyNumbers/70.png
  artifactKey: Guid(f014b3ec74a313949b2fb50fb75260c7) Importer(815301076,1909f56bfc062723c751e8b465ee728b)
Start importing Assets/IceHockey/Resources/CustomizableCharacters/HockeyNumbers/70.png using Guid(f014b3ec74a313949b2fb50fb75260c7) Importer(815301076,1909f56bfc062723c751e8b465ee728b) (PreviewImporter) -> (artifact id: '2126fad7766f2c57fc528e4977ce8eaf') in 0.0174697 seconds
Number of updated asset objects reloaded before import = 0Number of asset objects unloaded after import = 3

========================================================================
Received Import Request.
  Time since last request: 0.020589 seconds.
  path: Assets/IceHockey/Resources/CustomizableCharacters/HockeyNumbers/72.png
  artifactKey: Guid(8b5c6bd299d89e64381198530bf34c9a) Importer(815301076,1909f56bfc062723c751e8b465ee728b)
Start importing Assets/IceHockey/Resources/CustomizableCharacters/HockeyNumbers/72.png using Guid(8b5c6bd299d89e64381198530bf34c9a) Importer(815301076,1909f56bfc062723c751e8b465ee728b) (PreviewImporter) -> (artifact id: '5fbc629dba14a8d2f79b716aad55fe1d') in 0.015121 seconds
Number of updated asset objects reloaded before import = 0Number of asset objects unloaded after import = 3

========================================================================
Received Import Request.
  Time since last request: 0.006061 seconds.
  path: Assets/IceHockey/Resources/CustomizableCharacters/HockeyNumbers/75.png
  artifactKey: Guid(a70dc972e58709f40ae5814dc7c72991) Importer(815301076,1909f56bfc062723c751e8b465ee728b)
Start importing Assets/IceHockey/Resources/CustomizableCharacters/HockeyNumbers/75.png using Guid(a70dc972e58709f40ae5814dc7c72991) Importer(815301076,1909f56bfc062723c751e8b465ee728b) (PreviewImporter) -> (artifact id: '30fa176711934b67e2b38e4128de738b') in 0.0155093 seconds
Number of updated asset objects reloaded before import = 0Number of asset objects unloaded after import = 3

========================================================================
Received Import Request.
  Time since last request: 0.006247 seconds.
  path: Assets/IceHockey/Resources/CustomizableCharacters/HockeyNumbers/78.png
  artifactKey: Guid(21208383664107b4fbbc9d844707b540) Importer(815301076,1909f56bfc062723c751e8b465ee728b)
Start importing Assets/IceHockey/Resources/CustomizableCharacters/HockeyNumbers/78.png using Guid(21208383664107b4fbbc9d844707b540) Importer(815301076,1909f56bfc062723c751e8b465ee728b) (PreviewImporter) -> (artifact id: 'ca1fafac8c0aa68dcefa976fe535ae80') in 0.0154992 seconds
Number of updated asset objects reloaded before import = 0Number of asset objects unloaded after import = 3

========================================================================
Received Import Request.
  Time since last request: 0.004974 seconds.
  path: Assets/IceHockey/Resources/CustomizableCharacters/HockeyNumbers/81.png
  artifactKey: Guid(2824f0e1a3fc1254fb8d6aee62a0c162) Importer(815301076,1909f56bfc062723c751e8b465ee728b)
Start importing Assets/IceHockey/Resources/CustomizableCharacters/HockeyNumbers/81.png using Guid(2824f0e1a3fc1254fb8d6aee62a0c162) Importer(815301076,1909f56bfc062723c751e8b465ee728b) (PreviewImporter) -> (artifact id: '23f0a0b6dbee8578211ce071938765c3') in 0.0144239 seconds
Number of updated asset objects reloaded before import = 0Number of asset objects unloaded after import = 3

========================================================================
Received Import Request.
  Time since last request: 0.000236 seconds.
  path: Assets/IceHockey/Resources/CustomizableCharacters/HockeyNumbers/83.png
  artifactKey: Guid(3f636b2491220af49944d5ccc0150ba9) Importer(815301076,1909f56bfc062723c751e8b465ee728b)
Start importing Assets/IceHockey/Resources/CustomizableCharacters/HockeyNumbers/83.png using Guid(3f636b2491220af49944d5ccc0150ba9) Importer(815301076,1909f56bfc062723c751e8b465ee728b) (PreviewImporter) -> (artifact id: '54b4641510ed084cb09abd7b5ebc9546') in 0.0160029 seconds
Number of updated asset objects reloaded before import = 0Number of asset objects unloaded after import = 3

========================================================================
Received Import Request.
  Time since last request: 0.075155 seconds.
  path: Assets/IceHockey/Resources/CustomizableCharacters/HockeyNumbers/86.png
  artifactKey: Guid(5c698b062c1b9534db90b77febaa708a) Importer(815301076,1909f56bfc062723c751e8b465ee728b)
Start importing Assets/IceHockey/Resources/CustomizableCharacters/HockeyNumbers/86.png using Guid(5c698b062c1b9534db90b77febaa708a) Importer(815301076,1909f56bfc062723c751e8b465ee728b) (PreviewImporter) -> (artifact id: '019f8416d2352d7768155dae6f1805ed') in 0.0140733 seconds
Number of updated asset objects reloaded before import = 0Number of asset objects unloaded after import = 3

========================================================================
Received Import Request.
  Time since last request: 0.006588 seconds.
  path: Assets/IceHockey/Resources/CustomizableCharacters/HockeyNumbers/89.png
  artifactKey: Guid(cbeabc15b12a1df45867a5e020f2c92b) Importer(815301076,1909f56bfc062723c751e8b465ee728b)
Start importing Assets/IceHockey/Resources/CustomizableCharacters/HockeyNumbers/89.png using Guid(cbeabc15b12a1df45867a5e020f2c92b) Importer(815301076,1909f56bfc062723c751e8b465ee728b) (PreviewImporter) -> (artifact id: 'd52db63d2ab211946ec3be8320e5db99') in 0.0185517 seconds
Number of updated asset objects reloaded before import = 0Number of asset objects unloaded after import = 3

========================================================================
Received Import Request.
  Time since last request: 0.006019 seconds.
  path: Assets/IceHockey/Resources/CustomizableCharacters/HockeyNumbers/92.png
  artifactKey: Guid(14a29dc4660a1a44aa1cf941e7f6d5a8) Importer(815301076,1909f56bfc062723c751e8b465ee728b)
Start importing Assets/IceHockey/Resources/CustomizableCharacters/HockeyNumbers/92.png using Guid(14a29dc4660a1a44aa1cf941e7f6d5a8) Importer(815301076,1909f56bfc062723c751e8b465ee728b) (PreviewImporter) -> (artifact id: 'de2899467b5dda56892b2d9d36c1f7a1') in 0.0161341 seconds
Number of updated asset objects reloaded before import = 0Number of asset objects unloaded after import = 3

========================================================================
Received Import Request.
  Time since last request: 0.007129 seconds.
  path: Assets/IceHockey/Resources/CustomizableCharacters/HockeyNumbers/95.png
  artifactKey: Guid(79b846db300bf0c4283cac8629bce2ea) Importer(815301076,1909f56bfc062723c751e8b465ee728b)
Start importing Assets/IceHockey/Resources/CustomizableCharacters/HockeyNumbers/95.png using Guid(79b846db300bf0c4283cac8629bce2ea) Importer(815301076,1909f56bfc062723c751e8b465ee728b) (PreviewImporter) -> (artifact id: '44fc0a98aac8e6534665460f53d89a6a') in 0.0142232 seconds
Number of updated asset objects reloaded before import = 0Number of asset objects unloaded after import = 3

========================================================================
Received Import Request.
  Time since last request: 0.000668 seconds.
  path: Assets/IceHockey/Resources/CustomizableCharacters/HockeyNumbers/97.png
  artifactKey: Guid(4d8ce17406ff39644b584e564c5fc0e1) Importer(815301076,1909f56bfc062723c751e8b465ee728b)
Start importing Assets/IceHockey/Resources/CustomizableCharacters/HockeyNumbers/97.png using Guid(4d8ce17406ff39644b584e564c5fc0e1) Importer(815301076,1909f56bfc062723c751e8b465ee728b) (PreviewImporter) -> (artifact id: 'ca1c0721471cbb26ef102d72a6737f5c') in 0.015426 seconds
Number of updated asset objects reloaded before import = 0Number of asset objects unloaded after import = 3

========================================================================
Received Import Request.
  Time since last request: 3.525945 seconds.
  path: Assets/IceHockey/Source files/HockeyNumber.cs
  artifactKey: Guid(69e50be2943d80a45a7d957874e60a4f) Importer(815301076,1909f56bfc062723c751e8b465ee728b)
Start importing Assets/IceHockey/Source files/HockeyNumber.cs using Guid(69e50be2943d80a45a7d957874e60a4f) Importer(815301076,1909f56bfc062723c751e8b465ee728b) (PreviewImporter) -> (artifact id: '74c684043f51e65588e76281f04fa836') in 0.0006235 seconds
Number of updated asset objects reloaded before import = 0Number of asset objects unloaded after import = 0

========================================================================
Received Prepare
Begin MonoManager ReloadAssembly
- Loaded All Assemblies, in  0.971 seconds
Refreshing native plugins compatible for Editor in 2.69 ms, found 4 plugins.
Native extension for WindowsStandalone target not found
Native extension for WebGL target not found
Mono: successfully reloaded assembly
- Finished resetting the current domain, in  1.246 seconds
Domain Reload Profiling: 2211ms
	BeginReloadAssembly (255ms)
		ExecutionOrderSort (0ms)
		DisableScriptedObjects (15ms)
		BackupInstance (0ms)
		ReleaseScriptingObjects (0ms)
		CreateAndSetChildDomain (61ms)
	RebuildCommonClasses (44ms)
	RebuildNativeTypeToScriptingClass (16ms)
	initialDomainReloadingComplete (36ms)
	LoadAllAssembliesAndSetupDomain (614ms)
		LoadAssemblies (512ms)
		RebuildTransferFunctionScriptingTraits (0ms)
		AnalyzeDomain (230ms)
			TypeCache.Refresh (7ms)
				TypeCache.ScanAssembly (0ms)
			BuildScriptInfoCaches (212ms)
			ResolveRequiredComponents (8ms)
	FinalizeReload (1246ms)
		ReleaseScriptCaches (0ms)
		RebuildScriptCaches (0ms)
		SetupLoadedEditorAssemblies (962ms)
			LogAssemblyErrors (0ms)
			InitializePlatformSupportModulesInManaged (5ms)
			SetLoadedEditorAssemblies (9ms)
			BeforeProcessingInitializeOnLoad (198ms)
			ProcessInitializeOnLoadAttributes (680ms)
			ProcessInitializeOnLoadMethodAttributes (52ms)
			AfterProcessingInitializeOnLoad (17ms)
			EditorAssembliesLoaded (0ms)
		ExecutionOrderSort2 (0ms)
		AwakeInstancesAfterBackupRestoration (19ms)
Refreshing native plugins compatible for Editor in 3.30 ms, found 4 plugins.
Preloading 0 native plugins for Editor in 0.00 ms.
Unloading 0 Unused Serialized files (Serialized files now loaded: 0)
Unloading 4841 unused Assets / (1.2 MB). Loaded Objects now: 5465.
Memory consumption went from 117.1 MB to 115.9 MB.
Total: 8.071600 ms (FindLiveObjects: 0.639700 ms CreateObjectMapping: 0.256400 ms MarkObjects: 5.831300 ms  DeleteObjects: 1.342700 ms)

Prepare: number of updated asset objects reloaded= 0
========================================================================
Received Prepare
Begin MonoManager ReloadAssembly
- Loaded All Assemblies, in  0.957 seconds
Refreshing native plugins compatible for Editor in 2.35 ms, found 4 plugins.
Native extension for WindowsStandalone target not found
Native extension for WebGL target not found
Mono: successfully reloaded assembly
- Finished resetting the current domain, in  1.068 seconds
Domain Reload Profiling: 2017ms
	BeginReloadAssembly (231ms)
		ExecutionOrderSort (0ms)
		DisableScriptedObjects (14ms)
		BackupInstance (0ms)
		ReleaseScriptingObjects (0ms)
		CreateAndSetChildDomain (53ms)
	RebuildCommonClasses (40ms)
	RebuildNativeTypeToScriptingClass (17ms)
	initialDomainReloadingComplete (36ms)
	LoadAllAssembliesAndSetupDomain (624ms)
		LoadAssemblies (496ms)
		RebuildTransferFunctionScriptingTraits (0ms)
		AnalyzeDomain (246ms)
			TypeCache.Refresh (7ms)
				TypeCache.ScanAssembly (0ms)
			BuildScriptInfoCaches (228ms)
			ResolveRequiredComponents (7ms)
	FinalizeReload (1069ms)
		ReleaseScriptCaches (0ms)
		RebuildScriptCaches (0ms)
		SetupLoadedEditorAssemblies (815ms)
			LogAssemblyErrors (0ms)
			InitializePlatformSupportModulesInManaged (3ms)
			SetLoadedEditorAssemblies (9ms)
			BeforeProcessingInitializeOnLoad (177ms)
			ProcessInitializeOnLoadAttributes (556ms)
			ProcessInitializeOnLoadMethodAttributes (53ms)
			AfterProcessingInitializeOnLoad (15ms)
			EditorAssembliesLoaded (1ms)
		ExecutionOrderSort2 (0ms)
		AwakeInstancesAfterBackupRestoration (17ms)
Refreshing native plugins compatible for Editor in 2.68 ms, found 4 plugins.
Preloading 0 native plugins for Editor in 0.00 ms.
Unloading 0 Unused Serialized files (Serialized files now loaded: 0)
Unloading 4841 unused Assets / (1.0 MB). Loaded Objects now: 5467.
Memory consumption went from 117.1 MB to 116.0 MB.
Total: 8.460600 ms (FindLiveObjects: 0.801200 ms CreateObjectMapping: 0.443600 ms MarkObjects: 5.844200 ms  DeleteObjects: 1.370600 ms)

Prepare: number of updated asset objects reloaded= 0
